[rospy.client][INFO] 2022-03-14 09:14:00,614: init_node, name[/auto_gate_control_node], pid[3594]
[xmlrpc][INFO] 2022-03-14 09:14:00,614: XML-RPC server binding to 0.0.0.0:0
[xmlrpc][INFO] 2022-03-14 09:14:00,615: Started XML-RPC server [http://robot:33381/]
[rospy.impl.masterslave][INFO] 2022-03-14 09:14:00,615: _ready: http://robot:33381/
[rospy.init][INFO] 2022-03-14 09:14:00,616: ROS Slave URI: [http://robot:33381/]
[rospy.registration][INFO] 2022-03-14 09:14:00,616: Registering with master node http://127.0.0.1:11311
[xmlrpc][INFO] 2022-03-14 09:14:00,617: xml rpc node: starting XML-RPC server
[rospy.init][INFO] 2022-03-14 09:14:00,716: registered with master
[rospy.rosout][INFO] 2022-03-14 09:14:00,716: initializing /rosout core topic
[rospy.rosout][INFO] 2022-03-14 09:14:00,836: connected to core topic /rosout
[rospy.simtime][INFO] 2022-03-14 09:14:00,880: /use_sim_time is not set, will not subscribe to simulated time [/clock] topic
[root][WARNING] 2022-03-14 09:14:00,982: auto gate config info loading...
[rospy.internal][INFO] 2022-03-14 09:14:01,135: topic[/rosout] adding connection to [/rosout], count 0
[root][WARNING] 2022-03-14 09:14:01,951: auto gate config info loading...
[root][WARNING] 2022-03-14 09:14:02,953: there has auto gate , start
[__main__][INFO] 2022-03-14 09:14:34,342: ok: 0, ping: 0 , conner: 0 , cmd: 0 , recv: 0
[__main__][INFO] 2022-03-14 09:15:03,002: ok: 0, ping: 0 , conner: 0 , cmd: 0 , recv: 0
[__main__][INFO] 2022-03-14 09:15:33,003: ok: 0, ping: 0 , conner: 0 , cmd: 0 , recv: 0
[__main__][INFO] 2022-03-14 09:16:03,001: ok: 0, ping: 0 , conner: 0 , cmd: 0 , recv: 0
[__main__][INFO] 2022-03-14 09:16:33,004: ok: 0, ping: 0 , conner: 0 , cmd: 0 , recv: 0
[__main__][INFO] 2022-03-14 09:17:03,004: ok: 0, ping: 0 , conner: 0 , cmd: 0 , recv: 0
[__main__][INFO] 2022-03-14 09:17:33,004: ok: 0, ping: 0 , conner: 0 , cmd: 0 , recv: 0
[__main__][INFO] 2022-03-14 09:18:02,999: ok: 0, ping: 0 , conner: 0 , cmd: 0 , recv: 0
[__main__][INFO] 2022-03-14 09:18:33,004: ok: 0, ping: 0 , conner: 0 , cmd: 0 , recv: 0
[__main__][INFO] 2022-03-14 09:19:03,003: ok: 0, ping: 0 , conner: 0 , cmd: 0 , recv: 0
[__main__][INFO] 2022-03-14 09:19:33,004: ok: 0, ping: 0 , conner: 0 , cmd: 0 , recv: 0
[__main__][INFO] 2022-03-14 09:20:03,004: ok: 0, ping: 0 , conner: 0 , cmd: 0 , recv: 0
[__main__][INFO] 2022-03-14 09:20:33,002: ok: 0, ping: 0 , conner: 0 , cmd: 0 , recv: 0
[__main__][INFO] 2022-03-14 09:21:03,002: ok: 0, ping: 0 , conner: 0 , cmd: 0 , recv: 0
[__main__][INFO] 2022-03-14 09:21:33,004: ok: 0, ping: 0 , conner: 0 , cmd: 0 , recv: 0
[__main__][INFO] 2022-03-14 09:22:03,002: ok: 0, ping: 0 , conner: 0 , cmd: 0 , recv: 0
[__main__][INFO] 2022-03-14 09:22:33,002: ok: 0, ping: 0 , conner: 0 , cmd: 0 , recv: 0
[__main__][INFO] 2022-03-14 09:23:03,002: ok: 0, ping: 0 , conner: 0 , cmd: 0 , recv: 0
[__main__][INFO] 2022-03-14 09:23:33,005: ok: 0, ping: 0 , conner: 0 , cmd: 0 , recv: 0
[__main__][INFO] 2022-03-14 09:24:03,002: ok: 0, ping: 0 , conner: 0 , cmd: 0 , recv: 0
[__main__][INFO] 2022-03-14 09:24:33,003: ok: 0, ping: 0 , conner: 0 , cmd: 0 , recv: 0
[__main__][INFO] 2022-03-14 09:25:03,004: ok: 0, ping: 0 , conner: 0 , cmd: 0 , recv: 0
[__main__][INFO] 2022-03-14 09:25:33,004: ok: 0, ping: 0 , conner: 0 , cmd: 0 , recv: 0
[__main__][INFO] 2022-03-14 09:26:03,004: ok: 0, ping: 0 , conner: 0 , cmd: 0 , recv: 0
[__main__][INFO] 2022-03-14 09:26:33,004: ok: 0, ping: 0 , conner: 0 , cmd: 0 , recv: 0
[__main__][INFO] 2022-03-14 09:27:03,004: ok: 0, ping: 0 , conner: 0 , cmd: 0 , recv: 0
[__main__][INFO] 2022-03-14 09:27:33,005: ok: 0, ping: 0 , conner: 0 , cmd: 0 , recv: 0
[__main__][INFO] 2022-03-14 09:28:03,002: ok: 0, ping: 0 , conner: 0 , cmd: 0 , recv: 0
[__main__][INFO] 2022-03-14 09:28:33,005: ok: 0, ping: 0 , conner: 0 , cmd: 0 , recv: 0
[__main__][INFO] 2022-03-14 09:29:03,003: ok: 0, ping: 0 , conner: 0 , cmd: 0 , recv: 0
[__main__][INFO] 2022-03-14 09:29:33,002: ok: 0, ping: 0 , conner: 0 , cmd: 0 , recv: 0
[__main__][INFO] 2022-03-14 09:30:03,002: ok: 0, ping: 0 , conner: 0 , cmd: 0 , recv: 0
[__main__][INFO] 2022-03-14 09:30:33,003: ok: 0, ping: 0 , conner: 0 , cmd: 0 , recv: 0
[__main__][INFO] 2022-03-14 09:31:03,004: ok: 0, ping: 0 , conner: 0 , cmd: 0 , recv: 0
[__main__][INFO] 2022-03-14 09:31:33,002: ok: 0, ping: 0 , conner: 0 , cmd: 0 , recv: 0
[__main__][INFO] 2022-03-14 09:32:03,002: ok: 0, ping: 0 , conner: 0 , cmd: 0 , recv: 0
[__main__][INFO] 2022-03-14 09:32:33,004: ok: 0, ping: 0 , conner: 0 , cmd: 0 , recv: 0
[__main__][INFO] 2022-03-14 09:33:03,002: ok: 0, ping: 0 , conner: 0 , cmd: 0 , recv: 0
[__main__][INFO] 2022-03-14 09:33:33,004: ok: 0, ping: 0 , conner: 0 , cmd: 0 , recv: 0
[__main__][INFO] 2022-03-14 09:34:03,002: ok: 0, ping: 0 , conner: 0 , cmd: 0 , recv: 0
[__main__][INFO] 2022-03-14 09:34:33,002: ok: 0, ping: 0 , conner: 0 , cmd: 0 , recv: 0
[__main__][INFO] 2022-03-14 09:35:03,002: ok: 0, ping: 0 , conner: 0 , cmd: 0 , recv: 0
[__main__][INFO] 2022-03-14 09:35:33,004: ok: 0, ping: 0 , conner: 0 , cmd: 0 , recv: 0
[__main__][INFO] 2022-03-14 09:36:03,003: ok: 0, ping: 0 , conner: 0 , cmd: 0 , recv: 0
[__main__][INFO] 2022-03-14 09:36:33,004: ok: 0, ping: 0 , conner: 0 , cmd: 0 , recv: 0
[__main__][INFO] 2022-03-14 09:37:03,004: ok: 0, ping: 0 , conner: 0 , cmd: 0 , recv: 0
[__main__][INFO] 2022-03-14 09:37:33,003: ok: 0, ping: 0 , conner: 0 , cmd: 0 , recv: 0
[__main__][INFO] 2022-03-14 09:38:03,004: ok: 0, ping: 0 , conner: 0 , cmd: 0 , recv: 0
[__main__][INFO] 2022-03-14 09:38:33,002: ok: 0, ping: 0 , conner: 0 , cmd: 0 , recv: 0
[__main__][INFO] 2022-03-14 09:39:03,004: ok: 0, ping: 0 , conner: 0 , cmd: 0 , recv: 0
[__main__][INFO] 2022-03-14 09:39:33,004: ok: 0, ping: 0 , conner: 0 , cmd: 0 , recv: 0
[__main__][INFO] 2022-03-14 09:40:03,004: ok: 0, ping: 0 , conner: 0 , cmd: 0 , recv: 0
[__main__][INFO] 2022-03-14 09:40:33,004: ok: 0, ping: 0 , conner: 0 , cmd: 0 , recv: 0
[__main__][INFO] 2022-03-14 09:41:03,004: ok: 0, ping: 0 , conner: 0 , cmd: 0 , recv: 0
[__main__][INFO] 2022-03-14 09:41:33,004: ok: 0, ping: 0 , conner: 0 , cmd: 0 , recv: 0
[__main__][INFO] 2022-03-14 09:42:03,004: ok: 0, ping: 0 , conner: 0 , cmd: 0 , recv: 0
[__main__][INFO] 2022-03-14 09:42:33,004: ok: 0, ping: 0 , conner: 0 , cmd: 0 , recv: 0
[__main__][INFO] 2022-03-14 09:43:03,002: ok: 0, ping: 0 , conner: 0 , cmd: 0 , recv: 0
[__main__][INFO] 2022-03-14 09:43:33,004: ok: 0, ping: 0 , conner: 0 , cmd: 0 , recv: 0
[__main__][INFO] 2022-03-14 09:44:03,002: ok: 0, ping: 0 , conner: 0 , cmd: 0 , recv: 0
[__main__][INFO] 2022-03-14 09:44:33,002: ok: 0, ping: 0 , conner: 0 , cmd: 0 , recv: 0
[__main__][INFO] 2022-03-14 09:45:03,002: ok: 0, ping: 0 , conner: 0 , cmd: 0 , recv: 0
[__main__][INFO] 2022-03-14 09:45:33,002: ok: 0, ping: 0 , conner: 0 , cmd: 0 , recv: 0
[__main__][INFO] 2022-03-14 09:46:03,002: ok: 0, ping: 0 , conner: 0 , cmd: 0 , recv: 0
[__main__][INFO] 2022-03-14 09:46:33,003: ok: 0, ping: 0 , conner: 0 , cmd: 0 , recv: 0
[__main__][INFO] 2022-03-14 09:47:03,003: ok: 0, ping: 0 , conner: 0 , cmd: 0 , recv: 0
[__main__][INFO] 2022-03-14 09:47:33,004: ok: 0, ping: 0 , conner: 0 , cmd: 0 , recv: 0
[__main__][INFO] 2022-03-14 09:48:03,004: ok: 0, ping: 0 , conner: 0 , cmd: 0 , recv: 0
[__main__][INFO] 2022-03-14 09:48:33,002: ok: 0, ping: 0 , conner: 0 , cmd: 0 , recv: 0
[__main__][INFO] 2022-03-14 09:49:03,003: ok: 0, ping: 0 , conner: 0 , cmd: 0 , recv: 0
[__main__][INFO] 2022-03-14 09:49:33,004: ok: 0, ping: 0 , conner: 0 , cmd: 0 , recv: 0
[__main__][INFO] 2022-03-14 09:50:03,003: ok: 0, ping: 0 , conner: 0 , cmd: 0 , recv: 0
[__main__][INFO] 2022-03-14 09:50:33,004: ok: 0, ping: 0 , conner: 0 , cmd: 0 , recv: 0
[__main__][INFO] 2022-03-14 09:51:03,002: ok: 0, ping: 0 , conner: 0 , cmd: 0 , recv: 0
[__main__][INFO] 2022-03-14 09:51:33,004: ok: 0, ping: 0 , conner: 0 , cmd: 0 , recv: 0
[__main__][INFO] 2022-03-14 09:52:03,004: ok: 0, ping: 0 , conner: 0 , cmd: 0 , recv: 0
[__main__][INFO] 2022-03-14 09:52:33,004: ok: 0, ping: 0 , conner: 0 , cmd: 0 , recv: 0
[__main__][INFO] 2022-03-14 09:53:03,003: ok: 0, ping: 0 , conner: 0 , cmd: 0 , recv: 0
[__main__][INFO] 2022-03-14 09:53:33,002: ok: 0, ping: 0 , conner: 0 , cmd: 0 , recv: 0
[__main__][INFO] 2022-03-14 09:54:03,002: ok: 0, ping: 0 , conner: 0 , cmd: 0 , recv: 0
[__main__][INFO] 2022-03-14 09:54:33,004: ok: 0, ping: 0 , conner: 0 , cmd: 0 , recv: 0
[__main__][INFO] 2022-03-14 09:55:03,002: ok: 0, ping: 0 , conner: 0 , cmd: 0 , recv: 0
[__main__][INFO] 2022-03-14 09:55:33,002: ok: 0, ping: 0 , conner: 0 , cmd: 0 , recv: 0
[__main__][INFO] 2022-03-14 09:56:03,002: ok: 0, ping: 0 , conner: 0 , cmd: 0 , recv: 0
[__main__][INFO] 2022-03-14 09:56:33,003: ok: 0, ping: 0 , conner: 0 , cmd: 0 , recv: 0
[__main__][INFO] 2022-03-14 09:57:03,004: ok: 0, ping: 0 , conner: 0 , cmd: 0 , recv: 0
[__main__][INFO] 2022-03-14 09:57:33,004: ok: 0, ping: 0 , conner: 0 , cmd: 0 , recv: 0
[__main__][INFO] 2022-03-14 09:58:03,004: ok: 0, ping: 0 , conner: 0 , cmd: 0 , recv: 0
[__main__][INFO] 2022-03-14 09:58:33,003: ok: 0, ping: 0 , conner: 0 , cmd: 0 , recv: 0
[__main__][INFO] 2022-03-14 09:59:03,005: ok: 0, ping: 0 , conner: 0 , cmd: 0 , recv: 0
[__main__][INFO] 2022-03-14 09:59:33,004: ok: 0, ping: 0 , conner: 0 , cmd: 0 , recv: 0
[__main__][INFO] 2022-03-14 10:00:03,002: ok: 0, ping: 0 , conner: 0 , cmd: 0 , recv: 0
[__main__][INFO] 2022-03-14 10:00:33,004: ok: 0, ping: 0 , conner: 0 , cmd: 0 , recv: 0
[__main__][INFO] 2022-03-14 10:01:03,003: ok: 0, ping: 0 , conner: 0 , cmd: 0 , recv: 0
[__main__][INFO] 2022-03-14 10:01:33,003: ok: 0, ping: 0 , conner: 0 , cmd: 0 , recv: 0
[__main__][INFO] 2022-03-14 10:02:03,002: ok: 0, ping: 0 , conner: 0 , cmd: 0 , recv: 0
[__main__][INFO] 2022-03-14 10:02:33,005: ok: 0, ping: 0 , conner: 0 , cmd: 0 , recv: 0
[__main__][INFO] 2022-03-14 10:03:03,003: ok: 0, ping: 0 , conner: 0 , cmd: 0 , recv: 0
[__main__][INFO] 2022-03-14 10:03:33,002: ok: 0, ping: 0 , conner: 0 , cmd: 0 , recv: 0
[__main__][INFO] 2022-03-14 10:04:03,004: ok: 0, ping: 0 , conner: 0 , cmd: 0 , recv: 0
[__main__][INFO] 2022-03-14 10:04:33,003: ok: 0, ping: 0 , conner: 0 , cmd: 0 , recv: 0
[__main__][INFO] 2022-03-14 10:05:03,004: ok: 0, ping: 0 , conner: 0 , cmd: 0 , recv: 0
[__main__][INFO] 2022-03-14 10:05:33,004: ok: 0, ping: 0 , conner: 0 , cmd: 0 , recv: 0
[__main__][INFO] 2022-03-14 10:06:03,004: ok: 0, ping: 0 , conner: 0 , cmd: 0 , recv: 0
[__main__][INFO] 2022-03-14 10:06:33,002: ok: 0, ping: 0 , conner: 0 , cmd: 0 , recv: 0
[__main__][INFO] 2022-03-14 10:07:03,004: ok: 0, ping: 0 , conner: 0 , cmd: 0 , recv: 0
[__main__][INFO] 2022-03-14 10:07:33,002: ok: 0, ping: 0 , conner: 0 , cmd: 0 , recv: 0
[__main__][INFO] 2022-03-14 10:08:03,002: ok: 0, ping: 0 , conner: 0 , cmd: 0 , recv: 0
[__main__][INFO] 2022-03-14 10:08:33,003: ok: 0, ping: 0 , conner: 0 , cmd: 0 , recv: 0
[__main__][INFO] 2022-03-14 10:09:03,003: ok: 0, ping: 0 , conner: 0 , cmd: 0 , recv: 0
[__main__][INFO] 2022-03-14 10:09:33,003: ok: 0, ping: 0 , conner: 0 , cmd: 0 , recv: 0
[__main__][INFO] 2022-03-14 10:10:03,003: ok: 0, ping: 0 , conner: 0 , cmd: 0 , recv: 0
[__main__][INFO] 2022-03-14 10:10:33,002: ok: 0, ping: 0 , conner: 0 , cmd: 0 , recv: 0
[__main__][INFO] 2022-03-14 10:11:03,004: ok: 0, ping: 0 , conner: 0 , cmd: 0 , recv: 0
[__main__][INFO] 2022-03-14 10:11:33,004: ok: 0, ping: 0 , conner: 0 , cmd: 0 , recv: 0
[__main__][INFO] 2022-03-14 10:12:03,004: ok: 0, ping: 0 , conner: 0 , cmd: 0 , recv: 0
[__main__][INFO] 2022-03-14 10:12:33,002: ok: 0, ping: 0 , conner: 0 , cmd: 0 , recv: 0
[__main__][INFO] 2022-03-14 10:13:03,002: ok: 0, ping: 0 , conner: 0 , cmd: 0 , recv: 0
[__main__][INFO] 2022-03-14 10:13:33,006: ok: 0, ping: 0 , conner: 0 , cmd: 0 , recv: 0
[__main__][INFO] 2022-03-14 10:14:03,003: ok: 0, ping: 0 , conner: 0 , cmd: 0 , recv: 0
[__main__][INFO] 2022-03-14 10:14:33,002: ok: 0, ping: 0 , conner: 0 , cmd: 0 , recv: 0
[__main__][INFO] 2022-03-14 10:15:03,004: ok: 0, ping: 0 , conner: 0 , cmd: 0 , recv: 0
[__main__][INFO] 2022-03-14 10:15:33,002: ok: 0, ping: 0 , conner: 0 , cmd: 0 , recv: 0
[__main__][INFO] 2022-03-14 10:16:03,004: ok: 0, ping: 0 , conner: 0 , cmd: 0 , recv: 0
[__main__][INFO] 2022-03-14 10:16:33,009: ok: 0, ping: 0 , conner: 0 , cmd: 0 , recv: 0
[__main__][INFO] 2022-03-14 10:17:03,004: ok: 0, ping: 0 , conner: 0 , cmd: 0 , recv: 0
[__main__][INFO] 2022-03-14 10:17:33,002: ok: 0, ping: 0 , conner: 0 , cmd: 0 , recv: 0
[__main__][INFO] 2022-03-14 10:18:03,003: ok: 0, ping: 0 , conner: 0 , cmd: 0 , recv: 0
[__main__][INFO] 2022-03-14 10:18:33,002: ok: 0, ping: 0 , conner: 0 , cmd: 0 , recv: 0
[__main__][INFO] 2022-03-14 10:19:03,003: ok: 0, ping: 0 , conner: 0 , cmd: 0 , recv: 0
[__main__][INFO] 2022-03-14 10:19:33,002: ok: 0, ping: 0 , conner: 0 , cmd: 0 , recv: 0
[__main__][INFO] 2022-03-14 10:20:03,002: ok: 0, ping: 0 , conner: 0 , cmd: 0 , recv: 0
[__main__][INFO] 2022-03-14 10:20:33,002: ok: 0, ping: 0 , conner: 0 , cmd: 0 , recv: 0
[__main__][INFO] 2022-03-14 10:21:03,002: ok: 0, ping: 0 , conner: 0 , cmd: 0 , recv: 0
[__main__][INFO] 2022-03-14 10:21:33,004: ok: 0, ping: 0 , conner: 0 , cmd: 0 , recv: 0
[__main__][INFO] 2022-03-14 10:22:03,004: ok: 0, ping: 0 , conner: 0 , cmd: 0 , recv: 0
[__main__][INFO] 2022-03-14 10:22:33,002: ok: 0, ping: 0 , conner: 0 , cmd: 0 , recv: 0
[__main__][INFO] 2022-03-14 10:23:03,004: ok: 0, ping: 0 , conner: 0 , cmd: 0 , recv: 0
[__main__][INFO] 2022-03-14 10:23:33,002: ok: 0, ping: 0 , conner: 0 , cmd: 0 , recv: 0
[__main__][INFO] 2022-03-14 10:24:03,002: ok: 0, ping: 0 , conner: 0 , cmd: 0 , recv: 0
[__main__][INFO] 2022-03-14 10:24:33,004: ok: 0, ping: 0 , conner: 0 , cmd: 0 , recv: 0
[__main__][INFO] 2022-03-14 10:25:03,004: ok: 0, ping: 0 , conner: 0 , cmd: 0 , recv: 0
[__main__][INFO] 2022-03-14 10:25:33,003: ok: 0, ping: 0 , conner: 0 , cmd: 0 , recv: 0
[__main__][INFO] 2022-03-14 10:26:03,004: ok: 0, ping: 0 , conner: 0 , cmd: 0 , recv: 0
[__main__][INFO] 2022-03-14 10:26:33,002: ok: 0, ping: 0 , conner: 0 , cmd: 0 , recv: 0
[__main__][INFO] 2022-03-14 10:27:03,004: ok: 0, ping: 0 , conner: 0 , cmd: 0 , recv: 0
[__main__][INFO] 2022-03-14 10:27:33,003: ok: 0, ping: 0 , conner: 0 , cmd: 0 , recv: 0
[__main__][INFO] 2022-03-14 10:28:03,005: ok: 0, ping: 0 , conner: 0 , cmd: 0 , recv: 0
[__main__][INFO] 2022-03-14 10:28:33,002: ok: 0, ping: 0 , conner: 0 , cmd: 0 , recv: 0
[__main__][INFO] 2022-03-14 10:29:03,002: ok: 0, ping: 0 , conner: 0 , cmd: 0 , recv: 0
[__main__][INFO] 2022-03-14 10:29:33,004: ok: 0, ping: 0 , conner: 0 , cmd: 0 , recv: 0
[__main__][INFO] 2022-03-14 10:30:03,004: ok: 0, ping: 0 , conner: 0 , cmd: 0 , recv: 0
[__main__][INFO] 2022-03-14 10:30:33,003: ok: 0, ping: 0 , conner: 0 , cmd: 0 , recv: 0
[__main__][INFO] 2022-03-14 10:31:03,005: ok: 0, ping: 0 , conner: 0 , cmd: 0 , recv: 0
[__main__][INFO] 2022-03-14 10:31:33,004: ok: 0, ping: 0 , conner: 0 , cmd: 0 , recv: 0
[__main__][INFO] 2022-03-14 10:32:03,005: ok: 0, ping: 0 , conner: 0 , cmd: 0 , recv: 0
[__main__][INFO] 2022-03-14 10:32:33,003: ok: 0, ping: 0 , conner: 0 , cmd: 0 , recv: 0
[__main__][INFO] 2022-03-14 10:33:03,004: ok: 0, ping: 0 , conner: 0 , cmd: 0 , recv: 0
[__main__][INFO] 2022-03-14 10:33:33,003: ok: 0, ping: 0 , conner: 0 , cmd: 0 , recv: 0
[__main__][INFO] 2022-03-14 10:34:03,003: ok: 0, ping: 0 , conner: 0 , cmd: 0 , recv: 0
[__main__][INFO] 2022-03-14 10:34:33,003: ok: 0, ping: 0 , conner: 0 , cmd: 0 , recv: 0
[__main__][INFO] 2022-03-14 10:35:03,004: ok: 0, ping: 0 , conner: 0 , cmd: 0 , recv: 0
[__main__][INFO] 2022-03-14 10:35:33,004: ok: 0, ping: 0 , conner: 0 , cmd: 0 , recv: 0
[__main__][INFO] 2022-03-14 10:36:03,004: ok: 0, ping: 0 , conner: 0 , cmd: 0 , recv: 0
[__main__][INFO] 2022-03-14 10:36:33,002: ok: 0, ping: 0 , conner: 0 , cmd: 0 , recv: 0
[__main__][INFO] 2022-03-14 10:37:03,002: ok: 0, ping: 0 , conner: 0 , cmd: 0 , recv: 0
[__main__][INFO] 2022-03-14 10:37:33,003: ok: 0, ping: 0 , conner: 0 , cmd: 0 , recv: 0
[__main__][INFO] 2022-03-14 10:38:03,004: ok: 0, ping: 0 , conner: 0 , cmd: 0 , recv: 0
[__main__][INFO] 2022-03-14 10:38:33,002: ok: 0, ping: 0 , conner: 0 , cmd: 0 , recv: 0
[__main__][INFO] 2022-03-14 10:39:03,002: ok: 0, ping: 0 , conner: 0 , cmd: 0 , recv: 0
[__main__][INFO] 2022-03-14 10:39:33,002: ok: 0, ping: 0 , conner: 0 , cmd: 0 , recv: 0
[__main__][INFO] 2022-03-14 10:40:03,004: ok: 0, ping: 0 , conner: 0 , cmd: 0 , recv: 0
[__main__][INFO] 2022-03-14 10:40:33,003: ok: 0, ping: 0 , conner: 0 , cmd: 0 , recv: 0
[__main__][INFO] 2022-03-14 10:41:03,006: ok: 0, ping: 0 , conner: 0 , cmd: 0 , recv: 0
[__main__][INFO] 2022-03-14 10:41:33,002: ok: 0, ping: 0 , conner: 0 , cmd: 0 , recv: 0
[__main__][INFO] 2022-03-14 10:42:03,003: ok: 0, ping: 0 , conner: 0 , cmd: 0 , recv: 0
[__main__][INFO] 2022-03-14 10:42:33,003: ok: 0, ping: 0 , conner: 0 , cmd: 0 , recv: 0
[__main__][INFO] 2022-03-14 10:43:03,002: ok: 0, ping: 0 , conner: 0 , cmd: 0 , recv: 0
[__main__][INFO] 2022-03-14 10:43:33,004: ok: 0, ping: 0 , conner: 0 , cmd: 0 , recv: 0
[__main__][INFO] 2022-03-14 10:44:03,009: ok: 0, ping: 0 , conner: 0 , cmd: 0 , recv: 0
[__main__][INFO] 2022-03-14 10:44:33,005: ok: 0, ping: 0 , conner: 0 , cmd: 0 , recv: 0
[__main__][INFO] 2022-03-14 10:45:03,002: ok: 0, ping: 0 , conner: 0 , cmd: 0 , recv: 0
[__main__][INFO] 2022-03-14 10:45:33,004: ok: 0, ping: 0 , conner: 0 , cmd: 0 , recv: 0
[__main__][INFO] 2022-03-14 10:46:03,003: ok: 0, ping: 0 , conner: 0 , cmd: 0 , recv: 0
[__main__][INFO] 2022-03-14 10:46:33,003: ok: 0, ping: 0 , conner: 0 , cmd: 0 , recv: 0
[__main__][INFO] 2022-03-14 10:47:03,004: ok: 0, ping: 0 , conner: 0 , cmd: 0 , recv: 0
[__main__][INFO] 2022-03-14 10:47:33,003: ok: 0, ping: 0 , conner: 0 , cmd: 0 , recv: 0
[__main__][INFO] 2022-03-14 10:48:03,004: ok: 0, ping: 0 , conner: 0 , cmd: 0 , recv: 0
[__main__][INFO] 2022-03-14 10:48:33,003: ok: 0, ping: 0 , conner: 0 , cmd: 0 , recv: 0
[__main__][INFO] 2022-03-14 10:49:03,002: ok: 0, ping: 0 , conner: 0 , cmd: 0 , recv: 0
[__main__][INFO] 2022-03-14 10:49:33,003: ok: 0, ping: 0 , conner: 0 , cmd: 0 , recv: 0
[__main__][INFO] 2022-03-14 10:50:03,004: ok: 0, ping: 0 , conner: 0 , cmd: 0 , recv: 0
[__main__][INFO] 2022-03-14 10:50:33,002: ok: 0, ping: 0 , conner: 0 , cmd: 0 , recv: 0
[__main__][INFO] 2022-03-14 10:51:03,003: ok: 0, ping: 0 , conner: 0 , cmd: 0 , recv: 0
[__main__][INFO] 2022-03-14 10:51:33,004: ok: 0, ping: 0 , conner: 0 , cmd: 0 , recv: 0
[__main__][INFO] 2022-03-14 10:52:03,002: ok: 0, ping: 0 , conner: 0 , cmd: 0 , recv: 0
[__main__][INFO] 2022-03-14 10:52:33,002: ok: 0, ping: 0 , conner: 0 , cmd: 0 , recv: 0
[__main__][INFO] 2022-03-14 10:53:03,004: ok: 0, ping: 0 , conner: 0 , cmd: 0 , recv: 0
[__main__][INFO] 2022-03-14 10:53:33,002: ok: 0, ping: 0 , conner: 0 , cmd: 0 , recv: 0
[__main__][INFO] 2022-03-14 10:54:03,002: ok: 0, ping: 0 , conner: 0 , cmd: 0 , recv: 0
[__main__][INFO] 2022-03-14 10:54:33,004: ok: 0, ping: 0 , conner: 0 , cmd: 0 , recv: 0
[__main__][INFO] 2022-03-14 10:55:03,003: ok: 0, ping: 0 , conner: 0 , cmd: 0 , recv: 0
[__main__][INFO] 2022-03-14 10:55:33,004: ok: 0, ping: 0 , conner: 0 , cmd: 0 , recv: 0
[__main__][INFO] 2022-03-14 10:56:03,003: ok: 0, ping: 0 , conner: 0 , cmd: 0 , recv: 0
[__main__][INFO] 2022-03-14 10:56:33,004: ok: 0, ping: 0 , conner: 0 , cmd: 0 , recv: 0
[__main__][INFO] 2022-03-14 10:57:03,004: ok: 0, ping: 0 , conner: 0 , cmd: 0 , recv: 0
[__main__][INFO] 2022-03-14 10:57:33,004: ok: 0, ping: 0 , conner: 0 , cmd: 0 , recv: 0
[__main__][INFO] 2022-03-14 10:58:03,004: ok: 0, ping: 0 , conner: 0 , cmd: 0 , recv: 0
[__main__][INFO] 2022-03-14 10:58:33,004: ok: 0, ping: 0 , conner: 0 , cmd: 0 , recv: 0
[__main__][INFO] 2022-03-14 10:59:03,002: ok: 0, ping: 0 , conner: 0 , cmd: 0 , recv: 0
[__main__][INFO] 2022-03-14 10:59:33,004: ok: 0, ping: 0 , conner: 0 , cmd: 0 , recv: 0
[__main__][INFO] 2022-03-14 11:00:03,003: ok: 0, ping: 0 , conner: 0 , cmd: 0 , recv: 0
[__main__][INFO] 2022-03-14 11:00:33,004: ok: 0, ping: 0 , conner: 0 , cmd: 0 , recv: 0
[__main__][INFO] 2022-03-14 11:01:03,003: ok: 0, ping: 0 , conner: 0 , cmd: 0 , recv: 0
[__main__][INFO] 2022-03-14 11:01:33,005: ok: 0, ping: 0 , conner: 0 , cmd: 0 , recv: 0
[__main__][INFO] 2022-03-14 11:02:03,002: ok: 0, ping: 0 , conner: 0 , cmd: 0 , recv: 0
[__main__][INFO] 2022-03-14 11:02:33,002: ok: 0, ping: 0 , conner: 0 , cmd: 0 , recv: 0
[__main__][INFO] 2022-03-14 11:03:03,002: ok: 0, ping: 0 , conner: 0 , cmd: 0 , recv: 0
[__main__][INFO] 2022-03-14 11:03:33,002: ok: 0, ping: 0 , conner: 0 , cmd: 0 , recv: 0
[__main__][INFO] 2022-03-14 11:04:03,004: ok: 0, ping: 0 , conner: 0 , cmd: 0 , recv: 0
[__main__][INFO] 2022-03-14 11:04:33,002: ok: 0, ping: 0 , conner: 0 , cmd: 0 , recv: 0
[__main__][INFO] 2022-03-14 11:05:03,002: ok: 0, ping: 0 , conner: 0 , cmd: 0 , recv: 0
[__main__][INFO] 2022-03-14 11:05:33,002: ok: 0, ping: 0 , conner: 0 , cmd: 0 , recv: 0
[__main__][INFO] 2022-03-14 11:06:03,003: ok: 0, ping: 0 , conner: 0 , cmd: 0 , recv: 0
[__main__][INFO] 2022-03-14 11:06:33,002: ok: 0, ping: 0 , conner: 0 , cmd: 0 , recv: 0
[__main__][INFO] 2022-03-14 11:07:03,002: ok: 0, ping: 0 , conner: 0 , cmd: 0 , recv: 0
[__main__][INFO] 2022-03-14 11:07:33,002: ok: 0, ping: 0 , conner: 0 , cmd: 0 , recv: 0
[__main__][INFO] 2022-03-14 11:08:03,002: ok: 0, ping: 0 , conner: 0 , cmd: 0 , recv: 0
[__main__][INFO] 2022-03-14 11:08:33,002: ok: 0, ping: 0 , conner: 0 , cmd: 0 , recv: 0
[__main__][INFO] 2022-03-14 11:09:03,002: ok: 0, ping: 0 , conner: 0 , cmd: 0 , recv: 0
[__main__][INFO] 2022-03-14 11:09:33,002: ok: 0, ping: 0 , conner: 0 , cmd: 0 , recv: 0
[__main__][INFO] 2022-03-14 11:10:02,997: ok: 0, ping: 0 , conner: 0 , cmd: 0 , recv: 0
[__main__][INFO] 2022-03-14 11:10:33,002: ok: 0, ping: 0 , conner: 0 , cmd: 0 , recv: 0
[__main__][INFO] 2022-03-14 11:11:03,002: ok: 0, ping: 0 , conner: 0 , cmd: 0 , recv: 0
[__main__][INFO] 2022-03-14 11:11:33,004: ok: 0, ping: 0 , conner: 0 , cmd: 0 , recv: 0
[__main__][INFO] 2022-03-14 11:12:03,003: ok: 0, ping: 0 , conner: 0 , cmd: 0 , recv: 0
[__main__][INFO] 2022-03-14 11:12:33,002: ok: 0, ping: 0 , conner: 0 , cmd: 0 , recv: 0
[__main__][INFO] 2022-03-14 11:13:03,005: ok: 0, ping: 0 , conner: 0 , cmd: 0 , recv: 0
[__main__][INFO] 2022-03-14 11:13:33,004: ok: 0, ping: 0 , conner: 0 , cmd: 0 , recv: 0
[__main__][INFO] 2022-03-14 11:14:03,004: ok: 0, ping: 0 , conner: 0 , cmd: 0 , recv: 0
[__main__][INFO] 2022-03-14 11:14:33,004: ok: 0, ping: 0 , conner: 0 , cmd: 0 , recv: 0
[__main__][INFO] 2022-03-14 11:15:03,002: ok: 0, ping: 0 , conner: 0 , cmd: 0 , recv: 0
[__main__][INFO] 2022-03-14 11:15:33,004: ok: 0, ping: 0 , conner: 0 , cmd: 0 , recv: 0
[__main__][INFO] 2022-03-14 11:16:03,005: ok: 0, ping: 0 , conner: 0 , cmd: 0 , recv: 0
[__main__][INFO] 2022-03-14 11:16:33,002: ok: 0, ping: 0 , conner: 0 , cmd: 0 , recv: 0
[__main__][INFO] 2022-03-14 11:17:03,002: ok: 0, ping: 0 , conner: 0 , cmd: 0 , recv: 0
[__main__][INFO] 2022-03-14 11:17:33,004: ok: 0, ping: 0 , conner: 0 , cmd: 0 , recv: 0
[__main__][INFO] 2022-03-14 11:18:03,004: ok: 0, ping: 0 , conner: 0 , cmd: 0 , recv: 0
[__main__][INFO] 2022-03-14 11:18:33,004: ok: 0, ping: 0 , conner: 0 , cmd: 0 , recv: 0
[__main__][INFO] 2022-03-14 11:19:03,004: ok: 0, ping: 0 , conner: 0 , cmd: 0 , recv: 0
[__main__][INFO] 2022-03-14 11:19:33,004: ok: 0, ping: 0 , conner: 0 , cmd: 0 , recv: 0
[__main__][INFO] 2022-03-14 11:20:03,004: ok: 0, ping: 0 , conner: 0 , cmd: 0 , recv: 0
[__main__][INFO] 2022-03-14 11:20:33,003: ok: 0, ping: 0 , conner: 0 , cmd: 0 , recv: 0
[__main__][INFO] 2022-03-14 11:21:03,002: ok: 0, ping: 0 , conner: 0 , cmd: 0 , recv: 0
[__main__][INFO] 2022-03-14 11:21:33,004: ok: 0, ping: 0 , conner: 0 , cmd: 0 , recv: 0
[__main__][INFO] 2022-03-14 11:22:03,002: ok: 0, ping: 0 , conner: 0 , cmd: 0 , recv: 0
[__main__][INFO] 2022-03-14 11:22:33,004: ok: 0, ping: 0 , conner: 0 , cmd: 0 , recv: 0
[__main__][INFO] 2022-03-14 11:23:03,004: ok: 0, ping: 0 , conner: 0 , cmd: 0 , recv: 0
[__main__][INFO] 2022-03-14 11:23:33,002: ok: 0, ping: 0 , conner: 0 , cmd: 0 , recv: 0
[__main__][INFO] 2022-03-14 11:24:03,002: ok: 0, ping: 0 , conner: 0 , cmd: 0 , recv: 0
[__main__][INFO] 2022-03-14 11:24:33,005: ok: 0, ping: 0 , conner: 0 , cmd: 0 , recv: 0
[__main__][INFO] 2022-03-14 11:25:03,003: ok: 0, ping: 0 , conner: 0 , cmd: 0 , recv: 0
[__main__][INFO] 2022-03-14 11:25:33,005: ok: 0, ping: 0 , conner: 0 , cmd: 0 , recv: 0
[__main__][INFO] 2022-03-14 11:26:03,003: ok: 0, ping: 0 , conner: 0 , cmd: 0 , recv: 0
[__main__][INFO] 2022-03-14 11:26:33,002: ok: 0, ping: 0 , conner: 0 , cmd: 0 , recv: 0
[__main__][INFO] 2022-03-14 11:27:03,002: ok: 0, ping: 0 , conner: 0 , cmd: 0 , recv: 0
[__main__][INFO] 2022-03-14 11:27:33,002: ok: 0, ping: 0 , conner: 0 , cmd: 0 , recv: 0
[__main__][INFO] 2022-03-14 11:28:03,004: ok: 0, ping: 0 , conner: 0 , cmd: 0 , recv: 0
[__main__][INFO] 2022-03-14 11:28:33,003: ok: 0, ping: 0 , conner: 0 , cmd: 0 , recv: 0
[__main__][INFO] 2022-03-14 11:29:03,002: ok: 0, ping: 0 , conner: 0 , cmd: 0 , recv: 0
[__main__][INFO] 2022-03-14 11:29:33,004: ok: 0, ping: 0 , conner: 0 , cmd: 0 , recv: 0
[__main__][INFO] 2022-03-14 11:30:03,002: ok: 0, ping: 0 , conner: 0 , cmd: 0 , recv: 0
[__main__][INFO] 2022-03-14 11:30:33,002: ok: 0, ping: 0 , conner: 0 , cmd: 0 , recv: 0
[__main__][INFO] 2022-03-14 11:31:03,004: ok: 0, ping: 0 , conner: 0 , cmd: 0 , recv: 0
[__main__][INFO] 2022-03-14 11:31:33,003: ok: 0, ping: 0 , conner: 0 , cmd: 0 , recv: 0
[__main__][INFO] 2022-03-14 11:32:03,004: ok: 0, ping: 0 , conner: 0 , cmd: 0 , recv: 0
[__main__][INFO] 2022-03-14 11:32:33,002: ok: 0, ping: 0 , conner: 0 , cmd: 0 , recv: 0
[__main__][INFO] 2022-03-14 11:33:03,004: ok: 0, ping: 0 , conner: 0 , cmd: 0 , recv: 0
[__main__][INFO] 2022-03-14 11:33:33,004: ok: 0, ping: 0 , conner: 0 , cmd: 0 , recv: 0
[__main__][INFO] 2022-03-14 11:34:03,004: ok: 0, ping: 0 , conner: 0 , cmd: 0 , recv: 0
[__main__][INFO] 2022-03-14 11:34:33,005: ok: 0, ping: 0 , conner: 0 , cmd: 0 , recv: 0
[__main__][INFO] 2022-03-14 11:35:03,004: ok: 0, ping: 0 , conner: 0 , cmd: 0 , recv: 0
[__main__][INFO] 2022-03-14 11:35:33,002: ok: 0, ping: 0 , conner: 0 , cmd: 0 , recv: 0
[__main__][INFO] 2022-03-14 11:36:03,002: ok: 0, ping: 0 , conner: 0 , cmd: 0 , recv: 0
[__main__][INFO] 2022-03-14 11:36:33,004: ok: 0, ping: 0 , conner: 0 , cmd: 0 , recv: 0
[__main__][INFO] 2022-03-14 11:37:03,002: ok: 0, ping: 0 , conner: 0 , cmd: 0 , recv: 0
[__main__][INFO] 2022-03-14 11:37:33,004: ok: 0, ping: 0 , conner: 0 , cmd: 0 , recv: 0
[__main__][INFO] 2022-03-14 11:38:03,003: ok: 0, ping: 0 , conner: 0 , cmd: 0 , recv: 0
[__main__][INFO] 2022-03-14 11:38:33,004: ok: 0, ping: 0 , conner: 0 , cmd: 0 , recv: 0
[__main__][INFO] 2022-03-14 11:39:03,004: ok: 0, ping: 0 , conner: 0 , cmd: 0 , recv: 0
[__main__][INFO] 2022-03-14 11:39:33,004: ok: 0, ping: 0 , conner: 0 , cmd: 0 , recv: 0
[__main__][INFO] 2022-03-14 11:40:03,004: ok: 0, ping: 0 , conner: 0 , cmd: 0 , recv: 0
[__main__][INFO] 2022-03-14 11:40:33,003: ok: 0, ping: 0 , conner: 0 , cmd: 0 , recv: 0
[__main__][INFO] 2022-03-14 11:41:03,004: ok: 0, ping: 0 , conner: 0 , cmd: 0 , recv: 0
[__main__][INFO] 2022-03-14 11:41:33,004: ok: 0, ping: 0 , conner: 0 , cmd: 0 , recv: 0
[__main__][INFO] 2022-03-14 11:42:03,004: ok: 0, ping: 0 , conner: 0 , cmd: 0 , recv: 0
[__main__][INFO] 2022-03-14 11:42:33,003: ok: 0, ping: 0 , conner: 0 , cmd: 0 , recv: 0
[__main__][INFO] 2022-03-14 11:43:03,002: ok: 0, ping: 0 , conner: 0 , cmd: 0 , recv: 0
[__main__][INFO] 2022-03-14 11:43:33,004: ok: 0, ping: 0 , conner: 0 , cmd: 0 , recv: 0
[__main__][INFO] 2022-03-14 11:44:03,002: ok: 0, ping: 0 , conner: 0 , cmd: 0 , recv: 0
[__main__][INFO] 2022-03-14 11:44:33,003: ok: 0, ping: 0 , conner: 0 , cmd: 0 , recv: 0
[__main__][INFO] 2022-03-14 11:45:03,003: ok: 0, ping: 0 , conner: 0 , cmd: 0 , recv: 0
[__main__][INFO] 2022-03-14 11:45:33,003: ok: 0, ping: 0 , conner: 0 , cmd: 0 , recv: 0
[__main__][INFO] 2022-03-14 11:46:03,004: ok: 0, ping: 0 , conner: 0 , cmd: 0 , recv: 0
[__main__][INFO] 2022-03-14 11:46:33,003: ok: 0, ping: 0 , conner: 0 , cmd: 0 , recv: 0
[__main__][INFO] 2022-03-14 11:47:03,004: ok: 0, ping: 0 , conner: 0 , cmd: 0 , recv: 0
[__main__][INFO] 2022-03-14 11:47:33,004: ok: 0, ping: 0 , conner: 0 , cmd: 0 , recv: 0
[__main__][INFO] 2022-03-14 11:48:03,004: ok: 0, ping: 0 , conner: 0 , cmd: 0 , recv: 0
[__main__][INFO] 2022-03-14 11:48:33,004: ok: 0, ping: 0 , conner: 0 , cmd: 0 , recv: 0
[__main__][INFO] 2022-03-14 11:49:03,004: ok: 0, ping: 0 , conner: 0 , cmd: 0 , recv: 0
[__main__][INFO] 2022-03-14 11:49:33,002: ok: 0, ping: 0 , conner: 0 , cmd: 0 , recv: 0
[__main__][INFO] 2022-03-14 11:50:03,002: ok: 0, ping: 0 , conner: 0 , cmd: 0 , recv: 0
[__main__][INFO] 2022-03-14 11:50:33,003: ok: 0, ping: 0 , conner: 0 , cmd: 0 , recv: 0
[__main__][INFO] 2022-03-14 11:51:03,007: ok: 0, ping: 0 , conner: 0 , cmd: 0 , recv: 0
[__main__][INFO] 2022-03-14 11:51:33,003: ok: 0, ping: 0 , conner: 0 , cmd: 0 , recv: 0
[__main__][INFO] 2022-03-14 11:52:03,005: ok: 0, ping: 0 , conner: 0 , cmd: 0 , recv: 0
[__main__][INFO] 2022-03-14 11:52:33,002: ok: 0, ping: 0 , conner: 0 , cmd: 0 , recv: 0
[__main__][INFO] 2022-03-14 11:53:03,006: ok: 0, ping: 0 , conner: 0 , cmd: 0 , recv: 0
[__main__][INFO] 2022-03-14 11:53:33,002: ok: 0, ping: 0 , conner: 0 , cmd: 0 , recv: 0
[__main__][INFO] 2022-03-14 11:54:03,002: ok: 0, ping: 0 , conner: 0 , cmd: 0 , recv: 0
[__main__][INFO] 2022-03-14 11:54:33,003: ok: 0, ping: 0 , conner: 0 , cmd: 0 , recv: 0
[__main__][INFO] 2022-03-14 11:55:03,003: ok: 0, ping: 0 , conner: 0 , cmd: 0 , recv: 0
[__main__][INFO] 2022-03-14 11:55:33,002: ok: 0, ping: 0 , conner: 0 , cmd: 0 , recv: 0
[__main__][INFO] 2022-03-14 11:56:03,002: ok: 0, ping: 0 , conner: 0 , cmd: 0 , recv: 0
[__main__][INFO] 2022-03-14 11:56:33,002: ok: 0, ping: 0 , conner: 0 , cmd: 0 , recv: 0
[__main__][INFO] 2022-03-14 11:57:03,004: ok: 0, ping: 0 , conner: 0 , cmd: 0 , recv: 0
[__main__][INFO] 2022-03-14 11:57:33,003: ok: 0, ping: 0 , conner: 0 , cmd: 0 , recv: 0
[__main__][INFO] 2022-03-14 11:58:03,005: ok: 0, ping: 0 , conner: 0 , cmd: 0 , recv: 0
[__main__][INFO] 2022-03-14 11:58:33,004: ok: 0, ping: 0 , conner: 0 , cmd: 0 , recv: 0
[__main__][INFO] 2022-03-14 11:59:03,004: ok: 0, ping: 0 , conner: 0 , cmd: 0 , recv: 0
[__main__][INFO] 2022-03-14 11:59:33,002: ok: 0, ping: 0 , conner: 0 , cmd: 0 , recv: 0
[__main__][INFO] 2022-03-14 12:00:03,003: ok: 0, ping: 0 , conner: 0 , cmd: 0 , recv: 0
[__main__][INFO] 2022-03-14 12:00:33,003: ok: 0, ping: 0 , conner: 0 , cmd: 0 , recv: 0
[__main__][INFO] 2022-03-14 12:01:03,002: ok: 0, ping: 0 , conner: 0 , cmd: 0 , recv: 0
[__main__][INFO] 2022-03-14 12:01:33,004: ok: 0, ping: 0 , conner: 0 , cmd: 0 , recv: 0
[__main__][INFO] 2022-03-14 12:02:03,002: ok: 0, ping: 0 , conner: 0 , cmd: 0 , recv: 0
[__main__][INFO] 2022-03-14 12:02:33,004: ok: 0, ping: 0 , conner: 0 , cmd: 0 , recv: 0
[__main__][INFO] 2022-03-14 12:03:03,002: ok: 0, ping: 0 , conner: 0 , cmd: 0 , recv: 0
[__main__][INFO] 2022-03-14 12:03:33,003: ok: 0, ping: 0 , conner: 0 , cmd: 0 , recv: 0
[__main__][INFO] 2022-03-14 12:04:03,003: ok: 0, ping: 0 , conner: 0 , cmd: 0 , recv: 0
[__main__][INFO] 2022-03-14 12:04:33,002: ok: 0, ping: 0 , conner: 0 , cmd: 0 , recv: 0
[__main__][INFO] 2022-03-14 12:05:03,002: ok: 0, ping: 0 , conner: 0 , cmd: 0 , recv: 0
[__main__][INFO] 2022-03-14 12:05:33,002: ok: 0, ping: 0 , conner: 0 , cmd: 0 , recv: 0
[__main__][INFO] 2022-03-14 12:06:03,004: ok: 0, ping: 0 , conner: 0 , cmd: 0 , recv: 0
[__main__][INFO] 2022-03-14 12:06:33,002: ok: 0, ping: 0 , conner: 0 , cmd: 0 , recv: 0
[__main__][INFO] 2022-03-14 12:07:03,004: ok: 0, ping: 0 , conner: 0 , cmd: 0 , recv: 0
[__main__][INFO] 2022-03-14 12:07:33,002: ok: 0, ping: 0 , conner: 0 , cmd: 0 , recv: 0
[__main__][INFO] 2022-03-14 12:08:03,003: ok: 0, ping: 0 , conner: 0 , cmd: 0 , recv: 0
[__main__][INFO] 2022-03-14 12:08:33,005: ok: 0, ping: 0 , conner: 0 , cmd: 0 , recv: 0
[__main__][INFO] 2022-03-14 12:09:03,003: ok: 0, ping: 0 , conner: 0 , cmd: 0 , recv: 0
[__main__][INFO] 2022-03-14 12:09:33,003: ok: 0, ping: 0 , conner: 0 , cmd: 0 , recv: 0
[__main__][INFO] 2022-03-14 12:10:03,002: ok: 0, ping: 0 , conner: 0 , cmd: 0 , recv: 0
[__main__][INFO] 2022-03-14 12:10:33,003: ok: 0, ping: 0 , conner: 0 , cmd: 0 , recv: 0
[__main__][INFO] 2022-03-14 12:11:03,004: ok: 0, ping: 0 , conner: 0 , cmd: 0 , recv: 0
[__main__][INFO] 2022-03-14 12:11:33,004: ok: 0, ping: 0 , conner: 0 , cmd: 0 , recv: 0
[__main__][INFO] 2022-03-14 12:12:03,002: ok: 0, ping: 0 , conner: 0 , cmd: 0 , recv: 0
[__main__][INFO] 2022-03-14 12:12:33,005: ok: 0, ping: 0 , conner: 0 , cmd: 0 , recv: 0
[__main__][INFO] 2022-03-14 12:13:03,002: ok: 0, ping: 0 , conner: 0 , cmd: 0 , recv: 0
[__main__][INFO] 2022-03-14 12:13:33,004: ok: 0, ping: 0 , conner: 0 , cmd: 0 , recv: 0
[__main__][INFO] 2022-03-14 12:14:03,004: ok: 0, ping: 0 , conner: 0 , cmd: 0 , recv: 0
[__main__][INFO] 2022-03-14 12:14:33,004: ok: 0, ping: 0 , conner: 0 , cmd: 0 , recv: 0
[__main__][INFO] 2022-03-14 12:15:03,002: ok: 0, ping: 0 , conner: 0 , cmd: 0 , recv: 0
[__main__][INFO] 2022-03-14 12:15:33,002: ok: 0, ping: 0 , conner: 0 , cmd: 0 , recv: 0
[__main__][INFO] 2022-03-14 12:16:03,003: ok: 0, ping: 0 , conner: 0 , cmd: 0 , recv: 0
[__main__][INFO] 2022-03-14 12:16:33,005: ok: 0, ping: 0 , conner: 0 , cmd: 0 , recv: 0
[__main__][INFO] 2022-03-14 12:17:03,004: ok: 0, ping: 0 , conner: 0 , cmd: 0 , recv: 0
[__main__][INFO] 2022-03-14 12:17:33,004: ok: 0, ping: 0 , conner: 0 , cmd: 0 , recv: 0
[__main__][INFO] 2022-03-14 12:18:03,002: ok: 0, ping: 0 , conner: 0 , cmd: 0 , recv: 0
[__main__][INFO] 2022-03-14 12:18:33,002: ok: 0, ping: 0 , conner: 0 , cmd: 0 , recv: 0
[__main__][INFO] 2022-03-14 12:19:03,004: ok: 0, ping: 0 , conner: 0 , cmd: 0 , recv: 0
[__main__][INFO] 2022-03-14 12:19:33,005: ok: 0, ping: 0 , conner: 0 , cmd: 0 , recv: 0
[__main__][INFO] 2022-03-14 12:20:03,004: ok: 0, ping: 0 , conner: 0 , cmd: 0 , recv: 0
[__main__][INFO] 2022-03-14 12:20:33,002: ok: 0, ping: 0 , conner: 0 , cmd: 0 , recv: 0
[__main__][INFO] 2022-03-14 12:21:03,002: ok: 0, ping: 0 , conner: 0 , cmd: 0 , recv: 0
[__main__][INFO] 2022-03-14 12:21:33,004: ok: 0, ping: 0 , conner: 0 , cmd: 0 , recv: 0
[__main__][INFO] 2022-03-14 12:22:03,003: ok: 0, ping: 0 , conner: 0 , cmd: 0 , recv: 0
[__main__][INFO] 2022-03-14 12:22:33,002: ok: 0, ping: 0 , conner: 0 , cmd: 0 , recv: 0
[__main__][INFO] 2022-03-14 12:23:03,002: ok: 0, ping: 0 , conner: 0 , cmd: 0 , recv: 0
[__main__][INFO] 2022-03-14 12:23:33,002: ok: 0, ping: 0 , conner: 0 , cmd: 0 , recv: 0
[__main__][INFO] 2022-03-14 12:24:03,004: ok: 0, ping: 0 , conner: 0 , cmd: 0 , recv: 0
[__main__][INFO] 2022-03-14 12:24:33,004: ok: 0, ping: 0 , conner: 0 , cmd: 0 , recv: 0
[__main__][INFO] 2022-03-14 12:25:03,002: ok: 0, ping: 0 , conner: 0 , cmd: 0 , recv: 0
[__main__][INFO] 2022-03-14 12:25:33,003: ok: 0, ping: 0 , conner: 0 , cmd: 0 , recv: 0
[__main__][INFO] 2022-03-14 12:26:03,002: ok: 0, ping: 0 , conner: 0 , cmd: 0 , recv: 0
[__main__][INFO] 2022-03-14 12:26:33,005: ok: 0, ping: 0 , conner: 0 , cmd: 0 , recv: 0
[__main__][INFO] 2022-03-14 12:27:03,002: ok: 0, ping: 0 , conner: 0 , cmd: 0 , recv: 0
[__main__][INFO] 2022-03-14 12:27:33,003: ok: 0, ping: 0 , conner: 0 , cmd: 0 , recv: 0
[__main__][INFO] 2022-03-14 12:28:03,002: ok: 0, ping: 0 , conner: 0 , cmd: 0 , recv: 0
[__main__][INFO] 2022-03-14 12:28:33,002: ok: 0, ping: 0 , conner: 0 , cmd: 0 , recv: 0
[__main__][INFO] 2022-03-14 12:29:03,004: ok: 0, ping: 0 , conner: 0 , cmd: 0 , recv: 0
[__main__][INFO] 2022-03-14 12:29:33,002: ok: 0, ping: 0 , conner: 0 , cmd: 0 , recv: 0
[__main__][INFO] 2022-03-14 12:30:03,004: ok: 0, ping: 0 , conner: 0 , cmd: 0 , recv: 0
[__main__][INFO] 2022-03-14 12:30:33,004: ok: 0, ping: 0 , conner: 0 , cmd: 0 , recv: 0
[__main__][INFO] 2022-03-14 12:31:03,004: ok: 0, ping: 0 , conner: 0 , cmd: 0 , recv: 0
[__main__][INFO] 2022-03-14 12:31:33,003: ok: 0, ping: 0 , conner: 0 , cmd: 0 , recv: 0
[__main__][INFO] 2022-03-14 12:32:03,002: ok: 0, ping: 0 , conner: 0 , cmd: 0 , recv: 0
[__main__][INFO] 2022-03-14 12:32:33,004: ok: 0, ping: 0 , conner: 0 , cmd: 0 , recv: 0
[__main__][INFO] 2022-03-14 12:33:03,002: ok: 0, ping: 0 , conner: 0 , cmd: 0 , recv: 0
[__main__][INFO] 2022-03-14 12:33:33,002: ok: 0, ping: 0 , conner: 0 , cmd: 0 , recv: 0
[__main__][INFO] 2022-03-14 12:34:03,004: ok: 0, ping: 0 , conner: 0 , cmd: 0 , recv: 0
[__main__][INFO] 2022-03-14 12:34:33,004: ok: 0, ping: 0 , conner: 0 , cmd: 0 , recv: 0
[__main__][INFO] 2022-03-14 12:35:03,002: ok: 0, ping: 0 , conner: 0 , cmd: 0 , recv: 0
[__main__][INFO] 2022-03-14 12:35:33,003: ok: 0, ping: 0 , conner: 0 , cmd: 0 , recv: 0
[__main__][INFO] 2022-03-14 12:36:03,004: ok: 0, ping: 0 , conner: 0 , cmd: 0 , recv: 0
[__main__][INFO] 2022-03-14 12:36:33,002: ok: 0, ping: 0 , conner: 0 , cmd: 0 , recv: 0
[__main__][INFO] 2022-03-14 12:37:03,004: ok: 0, ping: 0 , conner: 0 , cmd: 0 , recv: 0
[__main__][INFO] 2022-03-14 12:37:33,004: ok: 0, ping: 0 , conner: 0 , cmd: 0 , recv: 0
[__main__][INFO] 2022-03-14 12:38:03,005: ok: 0, ping: 0 , conner: 0 , cmd: 0 , recv: 0
[__main__][INFO] 2022-03-14 12:38:33,004: ok: 0, ping: 0 , conner: 0 , cmd: 0 , recv: 0
[__main__][INFO] 2022-03-14 12:39:03,004: ok: 0, ping: 0 , conner: 0 , cmd: 0 , recv: 0
[__main__][INFO] 2022-03-14 12:39:33,004: ok: 0, ping: 0 , conner: 0 , cmd: 0 , recv: 0
[__main__][INFO] 2022-03-14 12:40:03,004: ok: 0, ping: 0 , conner: 0 , cmd: 0 , recv: 0
[__main__][INFO] 2022-03-14 12:40:33,002: ok: 0, ping: 0 , conner: 0 , cmd: 0 , recv: 0
[__main__][INFO] 2022-03-14 12:41:03,003: ok: 0, ping: 0 , conner: 0 , cmd: 0 , recv: 0
[__main__][INFO] 2022-03-14 12:41:33,004: ok: 0, ping: 0 , conner: 0 , cmd: 0 , recv: 0
[__main__][INFO] 2022-03-14 12:42:03,006: ok: 0, ping: 0 , conner: 0 , cmd: 0 , recv: 0
[__main__][INFO] 2022-03-14 12:42:33,005: ok: 0, ping: 0 , conner: 0 , cmd: 0 , recv: 0
[__main__][INFO] 2022-03-14 12:43:03,002: ok: 0, ping: 0 , conner: 0 , cmd: 0 , recv: 0
[__main__][INFO] 2022-03-14 12:43:33,002: ok: 0, ping: 0 , conner: 0 , cmd: 0 , recv: 0
[__main__][INFO] 2022-03-14 12:44:03,002: ok: 0, ping: 0 , conner: 0 , cmd: 0 , recv: 0
[__main__][INFO] 2022-03-14 12:44:33,003: ok: 0, ping: 0 , conner: 0 , cmd: 0 , recv: 0
[__main__][INFO] 2022-03-14 12:45:03,002: ok: 0, ping: 0 , conner: 0 , cmd: 0 , recv: 0
[__main__][INFO] 2022-03-14 12:45:33,004: ok: 0, ping: 0 , conner: 0 , cmd: 0 , recv: 0
[__main__][INFO] 2022-03-14 12:46:03,003: ok: 0, ping: 0 , conner: 0 , cmd: 0 , recv: 0
[__main__][INFO] 2022-03-14 12:46:33,004: ok: 0, ping: 0 , conner: 0 , cmd: 0 , recv: 0
[__main__][INFO] 2022-03-14 12:47:03,003: ok: 0, ping: 0 , conner: 0 , cmd: 0 , recv: 0
[__main__][INFO] 2022-03-14 12:47:33,002: ok: 0, ping: 0 , conner: 0 , cmd: 0 , recv: 0
[__main__][INFO] 2022-03-14 12:48:03,005: ok: 0, ping: 0 , conner: 0 , cmd: 0 , recv: 0
[__main__][INFO] 2022-03-14 12:48:33,002: ok: 0, ping: 0 , conner: 0 , cmd: 0 , recv: 0
[__main__][INFO] 2022-03-14 12:49:03,003: ok: 0, ping: 0 , conner: 0 , cmd: 0 , recv: 0
[__main__][INFO] 2022-03-14 12:49:33,002: ok: 0, ping: 0 , conner: 0 , cmd: 0 , recv: 0
[__main__][INFO] 2022-03-14 12:50:03,004: ok: 0, ping: 0 , conner: 0 , cmd: 0 , recv: 0
[__main__][INFO] 2022-03-14 12:50:33,004: ok: 0, ping: 0 , conner: 0 , cmd: 0 , recv: 0
[__main__][INFO] 2022-03-14 12:51:03,002: ok: 0, ping: 0 , conner: 0 , cmd: 0 , recv: 0
[__main__][INFO] 2022-03-14 12:51:33,004: ok: 0, ping: 0 , conner: 0 , cmd: 0 , recv: 0
[__main__][INFO] 2022-03-14 12:52:03,002: ok: 0, ping: 0 , conner: 0 , cmd: 0 , recv: 0
[__main__][INFO] 2022-03-14 12:52:33,002: ok: 0, ping: 0 , conner: 0 , cmd: 0 , recv: 0
[__main__][INFO] 2022-03-14 12:53:03,004: ok: 0, ping: 0 , conner: 0 , cmd: 0 , recv: 0
[__main__][INFO] 2022-03-14 12:53:33,002: ok: 0, ping: 0 , conner: 0 , cmd: 0 , recv: 0
[__main__][INFO] 2022-03-14 12:54:03,003: ok: 0, ping: 0 , conner: 0 , cmd: 0 , recv: 0
[__main__][INFO] 2022-03-14 12:54:33,002: ok: 0, ping: 0 , conner: 0 , cmd: 0 , recv: 0
[__main__][INFO] 2022-03-14 12:55:03,005: ok: 0, ping: 0 , conner: 0 , cmd: 0 , recv: 0
[__main__][INFO] 2022-03-14 12:55:33,002: ok: 0, ping: 0 , conner: 0 , cmd: 0 , recv: 0
[__main__][INFO] 2022-03-14 12:56:03,002: ok: 0, ping: 0 , conner: 0 , cmd: 0 , recv: 0
[__main__][INFO] 2022-03-14 12:56:33,002: ok: 0, ping: 0 , conner: 0 , cmd: 0 , recv: 0
[__main__][INFO] 2022-03-14 12:57:03,002: ok: 0, ping: 0 , conner: 0 , cmd: 0 , recv: 0
[__main__][INFO] 2022-03-14 12:57:33,003: ok: 0, ping: 0 , conner: 0 , cmd: 0 , recv: 0
[__main__][INFO] 2022-03-14 12:58:03,004: ok: 0, ping: 0 , conner: 0 , cmd: 0 , recv: 0
[__main__][INFO] 2022-03-14 12:58:33,004: ok: 0, ping: 0 , conner: 0 , cmd: 0 , recv: 0
[__main__][INFO] 2022-03-14 12:59:03,004: ok: 0, ping: 0 , conner: 0 , cmd: 0 , recv: 0
[__main__][INFO] 2022-03-14 12:59:33,002: ok: 0, ping: 0 , conner: 0 , cmd: 0 , recv: 0
[__main__][INFO] 2022-03-14 13:00:03,004: ok: 0, ping: 0 , conner: 0 , cmd: 0 , recv: 0
[__main__][INFO] 2022-03-14 13:00:33,002: ok: 0, ping: 0 , conner: 0 , cmd: 0 , recv: 0
[__main__][INFO] 2022-03-14 13:01:03,002: ok: 0, ping: 0 , conner: 0 , cmd: 0 , recv: 0
[__main__][INFO] 2022-03-14 13:01:33,005: ok: 0, ping: 0 , conner: 0 , cmd: 0 , recv: 0
[__main__][INFO] 2022-03-14 13:02:03,003: ok: 0, ping: 0 , conner: 0 , cmd: 0 , recv: 0
[__main__][INFO] 2022-03-14 13:02:33,002: ok: 0, ping: 0 , conner: 0 , cmd: 0 , recv: 0
[__main__][INFO] 2022-03-14 13:03:03,002: ok: 0, ping: 0 , conner: 0 , cmd: 0 , recv: 0
[__main__][INFO] 2022-03-14 13:03:33,003: ok: 0, ping: 0 , conner: 0 , cmd: 0 , recv: 0
[__main__][INFO] 2022-03-14 13:04:03,002: ok: 0, ping: 0 , conner: 0 , cmd: 0 , recv: 0
[__main__][INFO] 2022-03-14 13:04:33,004: ok: 0, ping: 0 , conner: 0 , cmd: 0 , recv: 0
[__main__][INFO] 2022-03-14 13:05:03,002: ok: 0, ping: 0 , conner: 0 , cmd: 0 , recv: 0
[__main__][INFO] 2022-03-14 13:05:33,003: ok: 0, ping: 0 , conner: 0 , cmd: 0 , recv: 0
[__main__][INFO] 2022-03-14 13:06:03,002: ok: 0, ping: 0 , conner: 0 , cmd: 0 , recv: 0
[__main__][INFO] 2022-03-14 13:06:33,005: ok: 0, ping: 0 , conner: 0 , cmd: 0 , recv: 0
[__main__][INFO] 2022-03-14 13:07:03,002: ok: 0, ping: 0 , conner: 0 , cmd: 0 , recv: 0
[__main__][INFO] 2022-03-14 13:07:33,004: ok: 0, ping: 0 , conner: 0 , cmd: 0 , recv: 0
[__main__][INFO] 2022-03-14 13:08:03,004: ok: 0, ping: 0 , conner: 0 , cmd: 0 , recv: 0
[__main__][INFO] 2022-03-14 13:08:33,002: ok: 0, ping: 0 , conner: 0 , cmd: 0 , recv: 0
[__main__][INFO] 2022-03-14 13:09:03,005: ok: 0, ping: 0 , conner: 0 , cmd: 0 , recv: 0
[__main__][INFO] 2022-03-14 13:09:33,004: ok: 0, ping: 0 , conner: 0 , cmd: 0 , recv: 0
[__main__][INFO] 2022-03-14 13:10:03,002: ok: 0, ping: 0 , conner: 0 , cmd: 0 , recv: 0
[__main__][INFO] 2022-03-14 13:10:33,004: ok: 0, ping: 0 , conner: 0 , cmd: 0 , recv: 0
[__main__][INFO] 2022-03-14 13:11:03,005: ok: 0, ping: 0 , conner: 0 , cmd: 0 , recv: 0
[__main__][INFO] 2022-03-14 13:11:33,002: ok: 0, ping: 0 , conner: 0 , cmd: 0 , recv: 0
[__main__][INFO] 2022-03-14 13:12:03,004: ok: 0, ping: 0 , conner: 0 , cmd: 0 , recv: 0
[__main__][INFO] 2022-03-14 13:12:33,002: ok: 0, ping: 0 , conner: 0 , cmd: 0 , recv: 0
[__main__][INFO] 2022-03-14 13:13:03,004: ok: 0, ping: 0 , conner: 0 , cmd: 0 , recv: 0
[__main__][INFO] 2022-03-14 13:13:33,003: ok: 0, ping: 0 , conner: 0 , cmd: 0 , recv: 0
[__main__][INFO] 2022-03-14 13:14:03,003: ok: 0, ping: 0 , conner: 0 , cmd: 0 , recv: 0
[__main__][INFO] 2022-03-14 13:14:33,003: ok: 0, ping: 0 , conner: 0 , cmd: 0 , recv: 0
[__main__][INFO] 2022-03-14 13:15:03,004: ok: 0, ping: 0 , conner: 0 , cmd: 0 , recv: 0
[__main__][INFO] 2022-03-14 13:15:33,002: ok: 0, ping: 0 , conner: 0 , cmd: 0 , recv: 0
[__main__][INFO] 2022-03-14 13:16:03,002: ok: 0, ping: 0 , conner: 0 , cmd: 0 , recv: 0
[__main__][INFO] 2022-03-14 13:16:33,003: ok: 0, ping: 0 , conner: 0 , cmd: 0 , recv: 0
[__main__][INFO] 2022-03-14 13:17:03,002: ok: 0, ping: 0 , conner: 0 , cmd: 0 , recv: 0
[__main__][INFO] 2022-03-14 13:17:33,010: ok: 0, ping: 0 , conner: 0 , cmd: 0 , recv: 0
[__main__][INFO] 2022-03-14 13:18:03,002: ok: 0, ping: 0 , conner: 0 , cmd: 0 , recv: 0
[__main__][INFO] 2022-03-14 13:18:33,002: ok: 0, ping: 0 , conner: 0 , cmd: 0 , recv: 0
[__main__][INFO] 2022-03-14 13:19:03,005: ok: 0, ping: 0 , conner: 0 , cmd: 0 , recv: 0
[__main__][INFO] 2022-03-14 13:19:33,003: ok: 0, ping: 0 , conner: 0 , cmd: 0 , recv: 0
[__main__][INFO] 2022-03-14 13:20:03,002: ok: 0, ping: 0 , conner: 0 , cmd: 0 , recv: 0
[__main__][INFO] 2022-03-14 13:20:33,004: ok: 0, ping: 0 , conner: 0 , cmd: 0 , recv: 0
[__main__][INFO] 2022-03-14 13:21:03,004: ok: 0, ping: 0 , conner: 0 , cmd: 0 , recv: 0
[__main__][INFO] 2022-03-14 13:21:33,010: ok: 0, ping: 0 , conner: 0 , cmd: 0 , recv: 0
[__main__][INFO] 2022-03-14 13:22:03,002: ok: 0, ping: 0 , conner: 0 , cmd: 0 , recv: 0
[__main__][INFO] 2022-03-14 13:22:33,002: ok: 0, ping: 0 , conner: 0 , cmd: 0 , recv: 0
[__main__][INFO] 2022-03-14 13:23:03,002: ok: 0, ping: 0 , conner: 0 , cmd: 0 , recv: 0
[__main__][INFO] 2022-03-14 13:23:33,002: ok: 0, ping: 0 , conner: 0 , cmd: 0 , recv: 0
[__main__][INFO] 2022-03-14 13:24:03,002: ok: 0, ping: 0 , conner: 0 , cmd: 0 , recv: 0
[__main__][INFO] 2022-03-14 13:24:33,004: ok: 0, ping: 0 , conner: 0 , cmd: 0 , recv: 0
[__main__][INFO] 2022-03-14 13:25:03,004: ok: 0, ping: 0 , conner: 0 , cmd: 0 , recv: 0
[__main__][INFO] 2022-03-14 13:25:33,002: ok: 0, ping: 0 , conner: 0 , cmd: 0 , recv: 0
[__main__][INFO] 2022-03-14 13:26:03,004: ok: 0, ping: 0 , conner: 0 , cmd: 0 , recv: 0
[__main__][INFO] 2022-03-14 13:26:33,002: ok: 0, ping: 0 , conner: 0 , cmd: 0 , recv: 0
[__main__][INFO] 2022-03-14 13:27:03,002: ok: 0, ping: 0 , conner: 0 , cmd: 0 , recv: 0
[__main__][INFO] 2022-03-14 13:27:33,004: ok: 0, ping: 0 , conner: 0 , cmd: 0 , recv: 0
[__main__][INFO] 2022-03-14 13:28:03,004: ok: 0, ping: 0 , conner: 0 , cmd: 0 , recv: 0
[__main__][INFO] 2022-03-14 13:28:33,005: ok: 0, ping: 0 , conner: 0 , cmd: 0 , recv: 0
[__main__][INFO] 2022-03-14 13:29:03,004: ok: 0, ping: 0 , conner: 0 , cmd: 0 , recv: 0
[__main__][INFO] 2022-03-14 13:29:33,002: ok: 0, ping: 0 , conner: 0 , cmd: 0 , recv: 0
[__main__][INFO] 2022-03-14 13:30:03,004: ok: 0, ping: 0 , conner: 0 , cmd: 0 , recv: 0
[__main__][INFO] 2022-03-14 13:30:33,002: ok: 0, ping: 0 , conner: 0 , cmd: 0 , recv: 0
[__main__][INFO] 2022-03-14 13:31:03,005: ok: 0, ping: 0 , conner: 0 , cmd: 0 , recv: 0
[__main__][INFO] 2022-03-14 13:31:33,002: ok: 0, ping: 0 , conner: 0 , cmd: 0 , recv: 0
[__main__][INFO] 2022-03-14 13:32:03,004: ok: 0, ping: 0 , conner: 0 , cmd: 0 , recv: 0
[__main__][INFO] 2022-03-14 13:32:33,002: ok: 0, ping: 0 , conner: 0 , cmd: 0 , recv: 0
[__main__][INFO] 2022-03-14 13:33:03,002: ok: 0, ping: 0 , conner: 0 , cmd: 0 , recv: 0
[__main__][INFO] 2022-03-14 13:33:33,002: ok: 0, ping: 0 , conner: 0 , cmd: 0 , recv: 0
[__main__][INFO] 2022-03-14 13:34:03,002: ok: 0, ping: 0 , conner: 0 , cmd: 0 , recv: 0
[__main__][INFO] 2022-03-14 13:34:33,002: ok: 0, ping: 0 , conner: 0 , cmd: 0 , recv: 0
[__main__][INFO] 2022-03-14 13:35:03,004: ok: 0, ping: 0 , conner: 0 , cmd: 0 , recv: 0
[__main__][INFO] 2022-03-14 13:35:33,002: ok: 0, ping: 0 , conner: 0 , cmd: 0 , recv: 0
[__main__][INFO] 2022-03-14 13:36:03,005: ok: 0, ping: 0 , conner: 0 , cmd: 0 , recv: 0
[__main__][INFO] 2022-03-14 13:36:33,002: ok: 0, ping: 0 , conner: 0 , cmd: 0 , recv: 0
[__main__][INFO] 2022-03-14 13:37:03,003: ok: 0, ping: 0 , conner: 0 , cmd: 0 , recv: 0
[__main__][INFO] 2022-03-14 13:37:33,002: ok: 0, ping: 0 , conner: 0 , cmd: 0 , recv: 0
[__main__][INFO] 2022-03-14 13:38:03,002: ok: 0, ping: 0 , conner: 0 , cmd: 0 , recv: 0
[__main__][INFO] 2022-03-14 13:38:33,002: ok: 0, ping: 0 , conner: 0 , cmd: 0 , recv: 0
[__main__][INFO] 2022-03-14 13:39:03,002: ok: 0, ping: 0 , conner: 0 , cmd: 0 , recv: 0
[__main__][INFO] 2022-03-14 13:39:33,003: ok: 0, ping: 0 , conner: 0 , cmd: 0 , recv: 0
[__main__][INFO] 2022-03-14 13:40:03,004: ok: 0, ping: 0 , conner: 0 , cmd: 0 , recv: 0
[__main__][INFO] 2022-03-14 13:40:33,003: ok: 0, ping: 0 , conner: 0 , cmd: 0 , recv: 0
[__main__][INFO] 2022-03-14 13:41:03,002: ok: 0, ping: 0 , conner: 0 , cmd: 0 , recv: 0
[__main__][INFO] 2022-03-14 13:41:33,004: ok: 0, ping: 0 , conner: 0 , cmd: 0 , recv: 0
[__main__][INFO] 2022-03-14 13:42:03,004: ok: 0, ping: 0 , conner: 0 , cmd: 0 , recv: 0
[__main__][INFO] 2022-03-14 13:42:33,005: ok: 0, ping: 0 , conner: 0 , cmd: 0 , recv: 0
[__main__][INFO] 2022-03-14 13:43:03,002: ok: 0, ping: 0 , conner: 0 , cmd: 0 , recv: 0
[__main__][INFO] 2022-03-14 13:43:33,003: ok: 0, ping: 0 , conner: 0 , cmd: 0 , recv: 0
[__main__][INFO] 2022-03-14 13:44:03,002: ok: 0, ping: 0 , conner: 0 , cmd: 0 , recv: 0
[__main__][INFO] 2022-03-14 13:44:33,004: ok: 0, ping: 0 , conner: 0 , cmd: 0 , recv: 0
[__main__][INFO] 2022-03-14 13:45:03,003: ok: 0, ping: 0 , conner: 0 , cmd: 0 , recv: 0
[__main__][INFO] 2022-03-14 13:45:33,002: ok: 0, ping: 0 , conner: 0 , cmd: 0 , recv: 0
[__main__][INFO] 2022-03-14 13:46:03,002: ok: 0, ping: 0 , conner: 0 , cmd: 0 , recv: 0
[__main__][INFO] 2022-03-14 13:46:33,004: ok: 0, ping: 0 , conner: 0 , cmd: 0 , recv: 0
[__main__][INFO] 2022-03-14 13:47:03,003: ok: 0, ping: 0 , conner: 0 , cmd: 0 , recv: 0
[__main__][INFO] 2022-03-14 13:47:33,002: ok: 0, ping: 0 , conner: 0 , cmd: 0 , recv: 0
[__main__][INFO] 2022-03-14 13:48:03,003: ok: 0, ping: 0 , conner: 0 , cmd: 0 , recv: 0
[__main__][INFO] 2022-03-14 13:48:33,004: ok: 0, ping: 0 , conner: 0 , cmd: 0 , recv: 0
[__main__][INFO] 2022-03-14 13:49:03,002: ok: 0, ping: 0 , conner: 0 , cmd: 0 , recv: 0
[__main__][INFO] 2022-03-14 13:49:33,004: ok: 0, ping: 0 , conner: 0 , cmd: 0 , recv: 0
[__main__][INFO] 2022-03-14 13:50:03,002: ok: 0, ping: 0 , conner: 0 , cmd: 0 , recv: 0
[__main__][INFO] 2022-03-14 13:50:33,002: ok: 0, ping: 0 , conner: 0 , cmd: 0 , recv: 0
[__main__][INFO] 2022-03-14 13:51:03,004: ok: 0, ping: 0 , conner: 0 , cmd: 0 , recv: 0
[__main__][INFO] 2022-03-14 13:51:33,002: ok: 0, ping: 0 , conner: 0 , cmd: 0 , recv: 0
[__main__][INFO] 2022-03-14 13:52:03,002: ok: 0, ping: 0 , conner: 0 , cmd: 0 , recv: 0
[__main__][INFO] 2022-03-14 13:52:33,002: ok: 0, ping: 0 , conner: 0 , cmd: 0 , recv: 0
[__main__][INFO] 2022-03-14 13:53:03,002: ok: 0, ping: 0 , conner: 0 , cmd: 0 , recv: 0
[__main__][INFO] 2022-03-14 13:53:33,002: ok: 0, ping: 0 , conner: 0 , cmd: 0 , recv: 0
[__main__][INFO] 2022-03-14 13:54:03,002: ok: 0, ping: 0 , conner: 0 , cmd: 0 , recv: 0
[__main__][INFO] 2022-03-14 13:54:33,004: ok: 0, ping: 0 , conner: 0 , cmd: 0 , recv: 0
[__main__][INFO] 2022-03-14 13:55:03,004: ok: 0, ping: 0 , conner: 0 , cmd: 0 , recv: 0
[__main__][INFO] 2022-03-14 13:55:33,002: ok: 0, ping: 0 , conner: 0 , cmd: 0 , recv: 0
[__main__][INFO] 2022-03-14 13:56:03,004: ok: 0, ping: 0 , conner: 0 , cmd: 0 , recv: 0
[__main__][INFO] 2022-03-14 13:56:33,004: ok: 0, ping: 0 , conner: 0 , cmd: 0 , recv: 0
[__main__][INFO] 2022-03-14 13:57:03,004: ok: 0, ping: 0 , conner: 0 , cmd: 0 , recv: 0
[__main__][INFO] 2022-03-14 13:57:33,002: ok: 0, ping: 0 , conner: 0 , cmd: 0 , recv: 0
[__main__][INFO] 2022-03-14 13:58:03,005: ok: 0, ping: 0 , conner: 0 , cmd: 0 , recv: 0
[__main__][INFO] 2022-03-14 13:58:33,010: ok: 0, ping: 0 , conner: 0 , cmd: 0 , recv: 0
[__main__][INFO] 2022-03-14 13:59:03,004: ok: 0, ping: 0 , conner: 0 , cmd: 0 , recv: 0
[__main__][INFO] 2022-03-14 13:59:33,006: ok: 0, ping: 0 , conner: 0 , cmd: 0 , recv: 0
[__main__][INFO] 2022-03-14 14:00:03,002: ok: 0, ping: 0 , conner: 0 , cmd: 0 , recv: 0
[__main__][INFO] 2022-03-14 14:00:33,003: ok: 0, ping: 0 , conner: 0 , cmd: 0 , recv: 0
[__main__][INFO] 2022-03-14 14:01:03,004: ok: 0, ping: 0 , conner: 0 , cmd: 0 , recv: 0
[__main__][INFO] 2022-03-14 14:01:33,006: ok: 0, ping: 0 , conner: 0 , cmd: 0 , recv: 0
[__main__][INFO] 2022-03-14 14:02:03,002: ok: 0, ping: 0 , conner: 0 , cmd: 0 , recv: 0
[__main__][INFO] 2022-03-14 14:02:33,006: ok: 0, ping: 0 , conner: 0 , cmd: 0 , recv: 0
[__main__][INFO] 2022-03-14 14:03:03,003: ok: 0, ping: 0 , conner: 0 , cmd: 0 , recv: 0
[__main__][INFO] 2022-03-14 14:03:33,005: ok: 0, ping: 0 , conner: 0 , cmd: 0 , recv: 0
[__main__][INFO] 2022-03-14 14:04:03,002: ok: 0, ping: 0 , conner: 0 , cmd: 0 , recv: 0
[__main__][INFO] 2022-03-14 14:04:33,004: ok: 0, ping: 0 , conner: 0 , cmd: 0 , recv: 0
[__main__][INFO] 2022-03-14 14:05:03,004: ok: 0, ping: 0 , conner: 0 , cmd: 0 , recv: 0
[__main__][INFO] 2022-03-14 14:05:33,002: ok: 0, ping: 0 , conner: 0 , cmd: 0 , recv: 0
[__main__][INFO] 2022-03-14 14:06:03,003: ok: 0, ping: 0 , conner: 0 , cmd: 0 , recv: 0
[__main__][INFO] 2022-03-14 14:06:33,002: ok: 0, ping: 0 , conner: 0 , cmd: 0 , recv: 0
[__main__][INFO] 2022-03-14 14:07:03,002: ok: 0, ping: 0 , conner: 0 , cmd: 0 , recv: 0
[__main__][INFO] 2022-03-14 14:07:33,005: ok: 0, ping: 0 , conner: 0 , cmd: 0 , recv: 0
[__main__][INFO] 2022-03-14 14:08:03,002: ok: 0, ping: 0 , conner: 0 , cmd: 0 , recv: 0
[__main__][INFO] 2022-03-14 14:08:33,002: ok: 0, ping: 0 , conner: 0 , cmd: 0 , recv: 0
[__main__][INFO] 2022-03-14 14:09:03,003: ok: 0, ping: 0 , conner: 0 , cmd: 0 , recv: 0
[__main__][INFO] 2022-03-14 14:09:33,004: ok: 0, ping: 0 , conner: 0 , cmd: 0 , recv: 0
[__main__][INFO] 2022-03-14 14:10:03,005: ok: 0, ping: 0 , conner: 0 , cmd: 0 , recv: 0
[__main__][INFO] 2022-03-14 14:10:33,004: ok: 0, ping: 0 , conner: 0 , cmd: 0 , recv: 0
[__main__][INFO] 2022-03-14 14:11:03,002: ok: 0, ping: 0 , conner: 0 , cmd: 0 , recv: 0
[__main__][INFO] 2022-03-14 14:11:33,002: ok: 0, ping: 0 , conner: 0 , cmd: 0 , recv: 0
[__main__][INFO] 2022-03-14 14:12:03,002: ok: 0, ping: 0 , conner: 0 , cmd: 0 , recv: 0
[__main__][INFO] 2022-03-14 14:12:33,002: ok: 0, ping: 0 , conner: 0 , cmd: 0 , recv: 0
[__main__][INFO] 2022-03-14 14:13:03,003: ok: 0, ping: 0 , conner: 0 , cmd: 0 , recv: 0
[__main__][INFO] 2022-03-14 14:13:33,002: ok: 0, ping: 0 , conner: 0 , cmd: 0 , recv: 0
[__main__][INFO] 2022-03-14 14:14:03,004: ok: 0, ping: 0 , conner: 0 , cmd: 0 , recv: 0
[__main__][INFO] 2022-03-14 14:14:33,003: ok: 0, ping: 0 , conner: 0 , cmd: 0 , recv: 0
[__main__][INFO] 2022-03-14 14:15:03,004: ok: 0, ping: 0 , conner: 0 , cmd: 0 , recv: 0
[__main__][INFO] 2022-03-14 14:15:33,004: ok: 0, ping: 0 , conner: 0 , cmd: 0 , recv: 0
[__main__][INFO] 2022-03-14 14:16:03,004: ok: 0, ping: 0 , conner: 0 , cmd: 0 , recv: 0
[__main__][INFO] 2022-03-14 14:16:33,004: ok: 0, ping: 0 , conner: 0 , cmd: 0 , recv: 0
[__main__][INFO] 2022-03-14 14:17:03,005: ok: 0, ping: 0 , conner: 0 , cmd: 0 , recv: 0
[__main__][INFO] 2022-03-14 14:17:33,003: ok: 0, ping: 0 , conner: 0 , cmd: 0 , recv: 0
[__main__][INFO] 2022-03-14 14:18:03,002: ok: 0, ping: 0 , conner: 0 , cmd: 0 , recv: 0
[__main__][INFO] 2022-03-14 14:18:33,002: ok: 0, ping: 0 , conner: 0 , cmd: 0 , recv: 0
[__main__][INFO] 2022-03-14 14:19:03,004: ok: 0, ping: 0 , conner: 0 , cmd: 0 , recv: 0
[__main__][INFO] 2022-03-14 14:19:33,000: ok: 0, ping: 0 , conner: 0 , cmd: 0 , recv: 0
[__main__][INFO] 2022-03-14 14:20:03,002: ok: 0, ping: 0 , conner: 0 , cmd: 0 , recv: 0
[__main__][INFO] 2022-03-14 14:20:33,003: ok: 0, ping: 0 , conner: 0 , cmd: 0 , recv: 0
[__main__][INFO] 2022-03-14 14:21:03,003: ok: 0, ping: 0 , conner: 0 , cmd: 0 , recv: 0
[__main__][INFO] 2022-03-14 14:21:33,004: ok: 0, ping: 0 , conner: 0 , cmd: 0 , recv: 0
[__main__][INFO] 2022-03-14 14:22:03,003: ok: 0, ping: 0 , conner: 0 , cmd: 0 , recv: 0
[__main__][INFO] 2022-03-14 14:22:33,003: ok: 0, ping: 0 , conner: 0 , cmd: 0 , recv: 0
[__main__][INFO] 2022-03-14 14:23:03,002: ok: 0, ping: 0 , conner: 0 , cmd: 0 , recv: 0
[__main__][INFO] 2022-03-14 14:23:33,002: ok: 0, ping: 0 , conner: 0 , cmd: 0 , recv: 0
[__main__][INFO] 2022-03-14 14:24:03,002: ok: 0, ping: 0 , conner: 0 , cmd: 0 , recv: 0
[__main__][INFO] 2022-03-14 14:24:33,003: ok: 0, ping: 0 , conner: 0 , cmd: 0 , recv: 0
[__main__][INFO] 2022-03-14 14:25:03,005: ok: 0, ping: 0 , conner: 0 , cmd: 0 , recv: 0
[__main__][INFO] 2022-03-14 14:25:33,002: ok: 0, ping: 0 , conner: 0 , cmd: 0 , recv: 0
[__main__][INFO] 2022-03-14 14:26:03,005: ok: 0, ping: 0 , conner: 0 , cmd: 0 , recv: 0
[__main__][INFO] 2022-03-14 14:26:33,003: ok: 0, ping: 0 , conner: 0 , cmd: 0 , recv: 0
[__main__][INFO] 2022-03-14 14:27:03,005: ok: 0, ping: 0 , conner: 0 , cmd: 0 , recv: 0
[__main__][INFO] 2022-03-14 14:27:33,002: ok: 0, ping: 0 , conner: 0 , cmd: 0 , recv: 0
[__main__][INFO] 2022-03-14 14:28:03,005: ok: 0, ping: 0 , conner: 0 , cmd: 0 , recv: 0
[__main__][INFO] 2022-03-14 14:28:33,004: ok: 0, ping: 0 , conner: 0 , cmd: 0 , recv: 0
[__main__][INFO] 2022-03-14 14:29:03,002: ok: 0, ping: 0 , conner: 0 , cmd: 0 , recv: 0
[__main__][INFO] 2022-03-14 14:29:33,002: ok: 0, ping: 0 , conner: 0 , cmd: 0 , recv: 0
[__main__][INFO] 2022-03-14 14:30:03,004: ok: 0, ping: 0 , conner: 0 , cmd: 0 , recv: 0
[__main__][INFO] 2022-03-14 14:30:33,003: ok: 0, ping: 0 , conner: 0 , cmd: 0 , recv: 0
[__main__][INFO] 2022-03-14 14:31:03,004: ok: 0, ping: 0 , conner: 0 , cmd: 0 , recv: 0
[__main__][INFO] 2022-03-14 14:31:33,002: ok: 0, ping: 0 , conner: 0 , cmd: 0 , recv: 0
[__main__][INFO] 2022-03-14 14:32:03,004: ok: 0, ping: 0 , conner: 0 , cmd: 0 , recv: 0
[__main__][INFO] 2022-03-14 14:32:33,010: ok: 0, ping: 0 , conner: 0 , cmd: 0 , recv: 0
[__main__][INFO] 2022-03-14 14:33:03,005: ok: 0, ping: 0 , conner: 0 , cmd: 0 , recv: 0
[__main__][INFO] 2022-03-14 14:33:33,003: ok: 0, ping: 0 , conner: 0 , cmd: 0 , recv: 0
[__main__][INFO] 2022-03-14 14:34:03,004: ok: 0, ping: 0 , conner: 0 , cmd: 0 , recv: 0
[__main__][INFO] 2022-03-14 14:34:33,002: ok: 0, ping: 0 , conner: 0 , cmd: 0 , recv: 0
[__main__][INFO] 2022-03-14 14:35:03,002: ok: 0, ping: 0 , conner: 0 , cmd: 0 , recv: 0
[__main__][INFO] 2022-03-14 14:35:33,002: ok: 0, ping: 0 , conner: 0 , cmd: 0 , recv: 0
[__main__][INFO] 2022-03-14 14:36:03,002: ok: 0, ping: 0 , conner: 0 , cmd: 0 , recv: 0
[__main__][INFO] 2022-03-14 14:36:33,002: ok: 0, ping: 0 , conner: 0 , cmd: 0 , recv: 0
[__main__][INFO] 2022-03-14 14:37:03,004: ok: 0, ping: 0 , conner: 0 , cmd: 0 , recv: 0
[__main__][INFO] 2022-03-14 14:37:33,003: ok: 0, ping: 0 , conner: 0 , cmd: 0 , recv: 0
[__main__][INFO] 2022-03-14 14:38:03,003: ok: 0, ping: 0 , conner: 0 , cmd: 0 , recv: 0
[__main__][INFO] 2022-03-14 14:38:33,003: ok: 0, ping: 0 , conner: 0 , cmd: 0 , recv: 0
[__main__][INFO] 2022-03-14 14:39:03,002: ok: 0, ping: 0 , conner: 0 , cmd: 0 , recv: 0
[__main__][INFO] 2022-03-14 14:39:33,002: ok: 0, ping: 0 , conner: 0 , cmd: 0 , recv: 0
[__main__][INFO] 2022-03-14 14:40:03,002: ok: 0, ping: 0 , conner: 0 , cmd: 0 , recv: 0
[__main__][INFO] 2022-03-14 14:40:33,002: ok: 0, ping: 0 , conner: 0 , cmd: 0 , recv: 0
[__main__][INFO] 2022-03-14 14:41:03,002: ok: 0, ping: 0 , conner: 0 , cmd: 0 , recv: 0
[__main__][INFO] 2022-03-14 14:41:33,004: ok: 0, ping: 0 , conner: 0 , cmd: 0 , recv: 0
[__main__][INFO] 2022-03-14 14:42:03,002: ok: 0, ping: 0 , conner: 0 , cmd: 0 , recv: 0
[__main__][INFO] 2022-03-14 14:42:33,006: ok: 0, ping: 0 , conner: 0 , cmd: 0 , recv: 0
[__main__][INFO] 2022-03-14 14:43:03,003: ok: 0, ping: 0 , conner: 0 , cmd: 0 , recv: 0
[__main__][INFO] 2022-03-14 14:43:33,002: ok: 0, ping: 0 , conner: 0 , cmd: 0 , recv: 0
[__main__][INFO] 2022-03-14 14:44:03,006: ok: 0, ping: 0 , conner: 0 , cmd: 0 , recv: 0
[__main__][INFO] 2022-03-14 14:44:33,006: ok: 0, ping: 0 , conner: 0 , cmd: 0 , recv: 0
[__main__][INFO] 2022-03-14 14:45:03,003: ok: 0, ping: 0 , conner: 0 , cmd: 0 , recv: 0
[__main__][INFO] 2022-03-14 14:45:33,002: ok: 0, ping: 0 , conner: 0 , cmd: 0 , recv: 0
[__main__][INFO] 2022-03-14 14:46:03,002: ok: 0, ping: 0 , conner: 0 , cmd: 0 , recv: 0
[__main__][INFO] 2022-03-14 14:46:33,004: ok: 0, ping: 0 , conner: 0 , cmd: 0 , recv: 0
[__main__][INFO] 2022-03-14 14:47:03,002: ok: 0, ping: 0 , conner: 0 , cmd: 0 , recv: 0
[__main__][INFO] 2022-03-14 14:47:33,002: ok: 0, ping: 0 , conner: 0 , cmd: 0 , recv: 0
[__main__][INFO] 2022-03-14 14:48:03,006: ok: 0, ping: 0 , conner: 0 , cmd: 0 , recv: 0
[__main__][INFO] 2022-03-14 14:48:33,004: ok: 0, ping: 0 , conner: 0 , cmd: 0 , recv: 0
[__main__][INFO] 2022-03-14 14:49:03,004: ok: 0, ping: 0 , conner: 0 , cmd: 0 , recv: 0
[__main__][INFO] 2022-03-14 14:49:33,002: ok: 0, ping: 0 , conner: 0 , cmd: 0 , recv: 0
[__main__][INFO] 2022-03-14 14:50:03,004: ok: 0, ping: 0 , conner: 0 , cmd: 0 , recv: 0
[__main__][INFO] 2022-03-14 14:50:33,003: ok: 0, ping: 0 , conner: 0 , cmd: 0 , recv: 0
[__main__][INFO] 2022-03-14 14:51:03,004: ok: 0, ping: 0 , conner: 0 , cmd: 0 , recv: 0
[__main__][INFO] 2022-03-14 14:51:33,002: ok: 0, ping: 0 , conner: 0 , cmd: 0 , recv: 0
[__main__][INFO] 2022-03-14 14:52:03,003: ok: 0, ping: 0 , conner: 0 , cmd: 0 , recv: 0
[__main__][INFO] 2022-03-14 14:52:33,004: ok: 0, ping: 0 , conner: 0 , cmd: 0 , recv: 0
[__main__][INFO] 2022-03-14 14:53:03,003: ok: 0, ping: 0 , conner: 0 , cmd: 0 , recv: 0
[__main__][INFO] 2022-03-14 14:53:33,003: ok: 0, ping: 0 , conner: 0 , cmd: 0 , recv: 0
[__main__][INFO] 2022-03-14 14:54:03,002: ok: 0, ping: 0 , conner: 0 , cmd: 0 , recv: 0
[__main__][INFO] 2022-03-14 14:54:33,005: ok: 0, ping: 0 , conner: 0 , cmd: 0 , recv: 0
[__main__][INFO] 2022-03-14 14:55:03,002: ok: 0, ping: 0 , conner: 0 , cmd: 0 , recv: 0
[__main__][INFO] 2022-03-14 14:55:33,003: ok: 0, ping: 0 , conner: 0 , cmd: 0 , recv: 0
[__main__][INFO] 2022-03-14 14:56:03,002: ok: 0, ping: 0 , conner: 0 , cmd: 0 , recv: 0
[__main__][INFO] 2022-03-14 14:56:33,004: ok: 0, ping: 0 , conner: 0 , cmd: 0 , recv: 0
[__main__][INFO] 2022-03-14 14:57:03,004: ok: 0, ping: 0 , conner: 0 , cmd: 0 , recv: 0
[__main__][INFO] 2022-03-14 14:57:33,002: ok: 0, ping: 0 , conner: 0 , cmd: 0 , recv: 0
[__main__][INFO] 2022-03-14 14:58:03,003: ok: 0, ping: 0 , conner: 0 , cmd: 0 , recv: 0
[__main__][INFO] 2022-03-14 14:58:33,003: ok: 0, ping: 0 , conner: 0 , cmd: 0 , recv: 0
[__main__][INFO] 2022-03-14 14:59:03,004: ok: 0, ping: 0 , conner: 0 , cmd: 0 , recv: 0
[__main__][INFO] 2022-03-14 14:59:33,003: ok: 0, ping: 0 , conner: 0 , cmd: 0 , recv: 0
[__main__][INFO] 2022-03-14 15:00:03,004: ok: 0, ping: 0 , conner: 0 , cmd: 0 , recv: 0
[__main__][INFO] 2022-03-14 15:00:33,002: ok: 0, ping: 0 , conner: 0 , cmd: 0 , recv: 0
[__main__][INFO] 2022-03-14 15:01:03,004: ok: 0, ping: 0 , conner: 0 , cmd: 0 , recv: 0
[__main__][INFO] 2022-03-14 15:01:33,002: ok: 0, ping: 0 , conner: 0 , cmd: 0 , recv: 0
[__main__][INFO] 2022-03-14 15:02:03,005: ok: 0, ping: 0 , conner: 0 , cmd: 0 , recv: 0
[__main__][INFO] 2022-03-14 15:02:33,002: ok: 0, ping: 0 , conner: 0 , cmd: 0 , recv: 0
[__main__][INFO] 2022-03-14 15:03:03,002: ok: 0, ping: 0 , conner: 0 , cmd: 0 , recv: 0
[__main__][INFO] 2022-03-14 15:03:33,005: ok: 0, ping: 0 , conner: 0 , cmd: 0 , recv: 0
[__main__][INFO] 2022-03-14 15:04:03,004: ok: 0, ping: 0 , conner: 0 , cmd: 0 , recv: 0
[__main__][INFO] 2022-03-14 15:04:33,004: ok: 0, ping: 0 , conner: 0 , cmd: 0 , recv: 0
[__main__][INFO] 2022-03-14 15:05:03,003: ok: 0, ping: 0 , conner: 0 , cmd: 0 , recv: 0
[__main__][INFO] 2022-03-14 15:05:33,003: ok: 0, ping: 0 , conner: 0 , cmd: 0 , recv: 0
[__main__][INFO] 2022-03-14 15:06:03,002: ok: 0, ping: 0 , conner: 0 , cmd: 0 , recv: 0
[__main__][INFO] 2022-03-14 15:06:33,002: ok: 0, ping: 0 , conner: 0 , cmd: 0 , recv: 0
[__main__][INFO] 2022-03-14 15:07:03,004: ok: 0, ping: 0 , conner: 0 , cmd: 0 , recv: 0
[__main__][INFO] 2022-03-14 15:07:33,002: ok: 0, ping: 0 , conner: 0 , cmd: 0 , recv: 0
[__main__][INFO] 2022-03-14 15:08:03,002: ok: 0, ping: 0 , conner: 0 , cmd: 0 , recv: 0
[__main__][INFO] 2022-03-14 15:08:33,004: ok: 0, ping: 0 , conner: 0 , cmd: 0 , recv: 0
[__main__][INFO] 2022-03-14 15:09:03,002: ok: 0, ping: 0 , conner: 0 , cmd: 0 , recv: 0
[__main__][INFO] 2022-03-14 15:09:33,002: ok: 0, ping: 0 , conner: 0 , cmd: 0 , recv: 0
[__main__][INFO] 2022-03-14 15:10:03,004: ok: 0, ping: 0 , conner: 0 , cmd: 0 , recv: 0
[__main__][INFO] 2022-03-14 15:10:33,004: ok: 0, ping: 0 , conner: 0 , cmd: 0 , recv: 0
[__main__][INFO] 2022-03-14 15:11:03,002: ok: 0, ping: 0 , conner: 0 , cmd: 0 , recv: 0
[__main__][INFO] 2022-03-14 15:11:33,002: ok: 0, ping: 0 , conner: 0 , cmd: 0 , recv: 0
[__main__][INFO] 2022-03-14 15:12:03,002: ok: 0, ping: 0 , conner: 0 , cmd: 0 , recv: 0
[__main__][INFO] 2022-03-14 15:12:33,003: ok: 0, ping: 0 , conner: 0 , cmd: 0 , recv: 0
[__main__][INFO] 2022-03-14 15:13:03,004: ok: 0, ping: 0 , conner: 0 , cmd: 0 , recv: 0
[__main__][INFO] 2022-03-14 15:13:33,003: ok: 0, ping: 0 , conner: 0 , cmd: 0 , recv: 0
[__main__][INFO] 2022-03-14 15:14:03,002: ok: 0, ping: 0 , conner: 0 , cmd: 0 , recv: 0
[__main__][INFO] 2022-03-14 15:14:33,002: ok: 0, ping: 0 , conner: 0 , cmd: 0 , recv: 0
[__main__][INFO] 2022-03-14 15:15:03,004: ok: 0, ping: 0 , conner: 0 , cmd: 0 , recv: 0
[__main__][INFO] 2022-03-14 15:15:33,004: ok: 0, ping: 0 , conner: 0 , cmd: 0 , recv: 0
[__main__][INFO] 2022-03-14 15:16:03,002: ok: 0, ping: 0 , conner: 0 , cmd: 0 , recv: 0
[__main__][INFO] 2022-03-14 15:16:33,002: ok: 0, ping: 0 , conner: 0 , cmd: 0 , recv: 0
[__main__][INFO] 2022-03-14 15:17:03,002: ok: 0, ping: 0 , conner: 0 , cmd: 0 , recv: 0
[__main__][INFO] 2022-03-14 15:17:33,004: ok: 0, ping: 0 , conner: 0 , cmd: 0 , recv: 0
[__main__][INFO] 2022-03-14 15:18:03,002: ok: 0, ping: 0 , conner: 0 , cmd: 0 , recv: 0
[__main__][INFO] 2022-03-14 15:18:33,005: ok: 0, ping: 0 , conner: 0 , cmd: 0 , recv: 0
[__main__][INFO] 2022-03-14 15:19:03,002: ok: 0, ping: 0 , conner: 0 , cmd: 0 , recv: 0
[__main__][INFO] 2022-03-14 15:19:33,002: ok: 0, ping: 0 , conner: 0 , cmd: 0 , recv: 0
[__main__][INFO] 2022-03-14 15:20:03,002: ok: 0, ping: 0 , conner: 0 , cmd: 0 , recv: 0
[__main__][INFO] 2022-03-14 15:20:33,004: ok: 0, ping: 0 , conner: 0 , cmd: 0 , recv: 0
[__main__][INFO] 2022-03-14 15:21:03,004: ok: 0, ping: 0 , conner: 0 , cmd: 0 , recv: 0
[__main__][INFO] 2022-03-14 15:21:33,003: ok: 0, ping: 0 , conner: 0 , cmd: 0 , recv: 0
[__main__][INFO] 2022-03-14 15:22:03,004: ok: 0, ping: 0 , conner: 0 , cmd: 0 , recv: 0
[__main__][INFO] 2022-03-14 15:22:33,002: ok: 0, ping: 0 , conner: 0 , cmd: 0 , recv: 0
[__main__][INFO] 2022-03-14 15:23:03,003: ok: 0, ping: 0 , conner: 0 , cmd: 0 , recv: 0
[__main__][INFO] 2022-03-14 15:23:33,002: ok: 0, ping: 0 , conner: 0 , cmd: 0 , recv: 0
[__main__][INFO] 2022-03-14 15:24:03,004: ok: 0, ping: 0 , conner: 0 , cmd: 0 , recv: 0
[__main__][INFO] 2022-03-14 15:24:33,004: ok: 0, ping: 0 , conner: 0 , cmd: 0 , recv: 0
[__main__][INFO] 2022-03-14 15:25:03,004: ok: 0, ping: 0 , conner: 0 , cmd: 0 , recv: 0
[__main__][INFO] 2022-03-14 15:25:33,003: ok: 0, ping: 0 , conner: 0 , cmd: 0 , recv: 0
[__main__][INFO] 2022-03-14 15:26:03,003: ok: 0, ping: 0 , conner: 0 , cmd: 0 , recv: 0
[__main__][INFO] 2022-03-14 15:26:33,003: ok: 0, ping: 0 , conner: 0 , cmd: 0 , recv: 0
[__main__][INFO] 2022-03-14 15:27:03,005: ok: 0, ping: 0 , conner: 0 , cmd: 0 , recv: 0
[__main__][INFO] 2022-03-14 15:27:33,003: ok: 0, ping: 0 , conner: 0 , cmd: 0 , recv: 0
[__main__][INFO] 2022-03-14 15:28:03,005: ok: 0, ping: 0 , conner: 0 , cmd: 0 , recv: 0
[__main__][INFO] 2022-03-14 15:28:33,002: ok: 0, ping: 0 , conner: 0 , cmd: 0 , recv: 0
[__main__][INFO] 2022-03-14 15:29:03,002: ok: 0, ping: 0 , conner: 0 , cmd: 0 , recv: 0
[__main__][INFO] 2022-03-14 15:29:33,003: ok: 0, ping: 0 , conner: 0 , cmd: 0 , recv: 0
[__main__][INFO] 2022-03-14 15:30:03,004: ok: 0, ping: 0 , conner: 0 , cmd: 0 , recv: 0
[__main__][INFO] 2022-03-14 15:30:33,002: ok: 0, ping: 0 , conner: 0 , cmd: 0 , recv: 0
[__main__][INFO] 2022-03-14 15:31:03,002: ok: 0, ping: 0 , conner: 0 , cmd: 0 , recv: 0
[__main__][INFO] 2022-03-14 15:31:33,002: ok: 0, ping: 0 , conner: 0 , cmd: 0 , recv: 0
[__main__][INFO] 2022-03-14 15:32:03,002: ok: 0, ping: 0 , conner: 0 , cmd: 0 , recv: 0
[__main__][INFO] 2022-03-14 15:32:33,003: ok: 0, ping: 0 , conner: 0 , cmd: 0 , recv: 0
[__main__][INFO] 2022-03-14 15:33:03,004: ok: 0, ping: 0 , conner: 0 , cmd: 0 , recv: 0
[__main__][INFO] 2022-03-14 15:33:33,004: ok: 0, ping: 0 , conner: 0 , cmd: 0 , recv: 0
[__main__][INFO] 2022-03-14 15:34:03,002: ok: 0, ping: 0 , conner: 0 , cmd: 0 , recv: 0
[__main__][INFO] 2022-03-14 15:34:33,004: ok: 0, ping: 0 , conner: 0 , cmd: 0 , recv: 0
[__main__][INFO] 2022-03-14 15:35:03,004: ok: 0, ping: 0 , conner: 0 , cmd: 0 , recv: 0
[__main__][INFO] 2022-03-14 15:35:33,002: ok: 0, ping: 0 , conner: 0 , cmd: 0 , recv: 0
[__main__][INFO] 2022-03-14 15:36:03,002: ok: 0, ping: 0 , conner: 0 , cmd: 0 , recv: 0
[__main__][INFO] 2022-03-14 15:36:33,002: ok: 0, ping: 0 , conner: 0 , cmd: 0 , recv: 0
[__main__][INFO] 2022-03-14 15:37:03,003: ok: 0, ping: 0 , conner: 0 , cmd: 0 , recv: 0
[__main__][INFO] 2022-03-14 15:37:33,003: ok: 0, ping: 0 , conner: 0 , cmd: 0 , recv: 0
[__main__][INFO] 2022-03-14 15:38:03,004: ok: 0, ping: 0 , conner: 0 , cmd: 0 , recv: 0
[__main__][INFO] 2022-03-14 15:38:33,002: ok: 0, ping: 0 , conner: 0 , cmd: 0 , recv: 0
[__main__][INFO] 2022-03-14 15:39:03,003: ok: 0, ping: 0 , conner: 0 , cmd: 0 , recv: 0
[__main__][INFO] 2022-03-14 15:39:33,002: ok: 0, ping: 0 , conner: 0 , cmd: 0 , recv: 0
[__main__][INFO] 2022-03-14 15:40:03,002: ok: 0, ping: 0 , conner: 0 , cmd: 0 , recv: 0
[__main__][INFO] 2022-03-14 15:40:33,002: ok: 0, ping: 0 , conner: 0 , cmd: 0 , recv: 0
[__main__][INFO] 2022-03-14 15:41:03,002: ok: 0, ping: 0 , conner: 0 , cmd: 0 , recv: 0
[__main__][INFO] 2022-03-14 15:41:33,002: ok: 0, ping: 0 , conner: 0 , cmd: 0 , recv: 0
[__main__][INFO] 2022-03-14 15:42:03,004: ok: 0, ping: 0 , conner: 0 , cmd: 0 , recv: 0
[__main__][INFO] 2022-03-14 15:42:33,003: ok: 0, ping: 0 , conner: 0 , cmd: 0 , recv: 0
[__main__][INFO] 2022-03-14 15:43:03,004: ok: 0, ping: 0 , conner: 0 , cmd: 0 , recv: 0
[__main__][INFO] 2022-03-14 15:43:33,001: ok: 0, ping: 0 , conner: 0 , cmd: 0 , recv: 0
[__main__][INFO] 2022-03-14 15:44:03,002: ok: 0, ping: 0 , conner: 0 , cmd: 0 , recv: 0
[__main__][INFO] 2022-03-14 15:44:33,003: ok: 0, ping: 0 , conner: 0 , cmd: 0 , recv: 0
[__main__][INFO] 2022-03-14 15:45:03,003: ok: 0, ping: 0 , conner: 0 , cmd: 0 , recv: 0
[__main__][INFO] 2022-03-14 15:45:33,004: ok: 0, ping: 0 , conner: 0 , cmd: 0 , recv: 0
[__main__][INFO] 2022-03-14 15:46:03,004: ok: 0, ping: 0 , conner: 0 , cmd: 0 , recv: 0
[__main__][INFO] 2022-03-14 15:46:33,002: ok: 0, ping: 0 , conner: 0 , cmd: 0 , recv: 0
[__main__][INFO] 2022-03-14 15:47:03,002: ok: 0, ping: 0 , conner: 0 , cmd: 0 , recv: 0
[__main__][INFO] 2022-03-14 15:47:33,002: ok: 0, ping: 0 , conner: 0 , cmd: 0 , recv: 0
[__main__][INFO] 2022-03-14 15:48:03,004: ok: 0, ping: 0 , conner: 0 , cmd: 0 , recv: 0
[__main__][INFO] 2022-03-14 15:48:33,002: ok: 0, ping: 0 , conner: 0 , cmd: 0 , recv: 0
[__main__][INFO] 2022-03-14 15:49:03,002: ok: 0, ping: 0 , conner: 0 , cmd: 0 , recv: 0
[__main__][INFO] 2022-03-14 15:49:33,002: ok: 0, ping: 0 , conner: 0 , cmd: 0 , recv: 0
[__main__][INFO] 2022-03-14 15:50:03,002: ok: 0, ping: 0 , conner: 0 , cmd: 0 , recv: 0
[__main__][INFO] 2022-03-14 15:50:33,007: ok: 0, ping: 0 , conner: 0 , cmd: 0 , recv: 0
[__main__][INFO] 2022-03-14 15:51:03,003: ok: 0, ping: 0 , conner: 0 , cmd: 0 , recv: 0
[__main__][INFO] 2022-03-14 15:51:33,002: ok: 0, ping: 0 , conner: 0 , cmd: 0 , recv: 0
[__main__][INFO] 2022-03-14 15:52:03,002: ok: 0, ping: 0 , conner: 0 , cmd: 0 , recv: 0
[__main__][INFO] 2022-03-14 15:52:33,005: ok: 0, ping: 0 , conner: 0 , cmd: 0 , recv: 0
[__main__][INFO] 2022-03-14 15:53:03,004: ok: 0, ping: 0 , conner: 0 , cmd: 0 , recv: 0
[__main__][INFO] 2022-03-14 15:53:33,002: ok: 0, ping: 0 , conner: 0 , cmd: 0 , recv: 0
[__main__][INFO] 2022-03-14 15:54:03,002: ok: 0, ping: 0 , conner: 0 , cmd: 0 , recv: 0
[__main__][INFO] 2022-03-14 15:54:33,002: ok: 0, ping: 0 , conner: 0 , cmd: 0 , recv: 0
[__main__][INFO] 2022-03-14 15:55:03,004: ok: 0, ping: 0 , conner: 0 , cmd: 0 , recv: 0
[__main__][INFO] 2022-03-14 15:55:33,006: ok: 0, ping: 0 , conner: 0 , cmd: 0 , recv: 0
[__main__][INFO] 2022-03-14 15:56:03,005: ok: 0, ping: 0 , conner: 0 , cmd: 0 , recv: 0
[__main__][INFO] 2022-03-14 15:56:33,002: ok: 0, ping: 0 , conner: 0 , cmd: 0 , recv: 0
[__main__][INFO] 2022-03-14 15:57:03,002: ok: 0, ping: 0 , conner: 0 , cmd: 0 , recv: 0
[__main__][INFO] 2022-03-14 15:57:33,002: ok: 0, ping: 0 , conner: 0 , cmd: 0 , recv: 0
[__main__][INFO] 2022-03-14 15:58:03,003: ok: 0, ping: 0 , conner: 0 , cmd: 0 , recv: 0
[__main__][INFO] 2022-03-14 15:58:33,002: ok: 0, ping: 0 , conner: 0 , cmd: 0 , recv: 0
[__main__][INFO] 2022-03-14 15:59:03,004: ok: 0, ping: 0 , conner: 0 , cmd: 0 , recv: 0
[__main__][INFO] 2022-03-14 15:59:33,005: ok: 0, ping: 0 , conner: 0 , cmd: 0 , recv: 0
[__main__][INFO] 2022-03-14 16:00:03,004: ok: 0, ping: 0 , conner: 0 , cmd: 0 , recv: 0
[__main__][INFO] 2022-03-14 16:00:33,004: ok: 0, ping: 0 , conner: 0 , cmd: 0 , recv: 0
[__main__][INFO] 2022-03-14 16:01:03,004: ok: 0, ping: 0 , conner: 0 , cmd: 0 , recv: 0
[__main__][INFO] 2022-03-14 16:01:33,002: ok: 0, ping: 0 , conner: 0 , cmd: 0 , recv: 0
[__main__][INFO] 2022-03-14 16:02:03,004: ok: 0, ping: 0 , conner: 0 , cmd: 0 , recv: 0
[__main__][INFO] 2022-03-14 16:02:33,002: ok: 0, ping: 0 , conner: 0 , cmd: 0 , recv: 0
[__main__][INFO] 2022-03-14 16:03:03,004: ok: 0, ping: 0 , conner: 0 , cmd: 0 , recv: 0
[__main__][INFO] 2022-03-14 16:03:33,002: ok: 0, ping: 0 , conner: 0 , cmd: 0 , recv: 0
[__main__][INFO] 2022-03-14 16:04:03,002: ok: 0, ping: 0 , conner: 0 , cmd: 0 , recv: 0
[__main__][INFO] 2022-03-14 16:04:33,002: ok: 0, ping: 0 , conner: 0 , cmd: 0 , recv: 0
[__main__][INFO] 2022-03-14 16:05:03,003: ok: 0, ping: 0 , conner: 0 , cmd: 0 , recv: 0
[__main__][INFO] 2022-03-14 16:05:33,002: ok: 0, ping: 0 , conner: 0 , cmd: 0 , recv: 0
[__main__][INFO] 2022-03-14 16:06:03,004: ok: 0, ping: 0 , conner: 0 , cmd: 0 , recv: 0
[__main__][INFO] 2022-03-14 16:06:33,002: ok: 0, ping: 0 , conner: 0 , cmd: 0 , recv: 0
[__main__][INFO] 2022-03-14 16:07:03,004: ok: 0, ping: 0 , conner: 0 , cmd: 0 , recv: 0
[__main__][INFO] 2022-03-14 16:07:33,003: ok: 0, ping: 0 , conner: 0 , cmd: 0 , recv: 0
[__main__][INFO] 2022-03-14 16:08:03,002: ok: 0, ping: 0 , conner: 0 , cmd: 0 , recv: 0
[__main__][INFO] 2022-03-14 16:08:33,005: ok: 0, ping: 0 , conner: 0 , cmd: 0 , recv: 0
[__main__][INFO] 2022-03-14 16:09:03,002: ok: 0, ping: 0 , conner: 0 , cmd: 0 , recv: 0
[__main__][INFO] 2022-03-14 16:09:33,003: ok: 0, ping: 0 , conner: 0 , cmd: 0 , recv: 0
[__main__][INFO] 2022-03-14 16:10:03,002: ok: 0, ping: 0 , conner: 0 , cmd: 0 , recv: 0
[__main__][INFO] 2022-03-14 16:10:33,002: ok: 0, ping: 0 , conner: 0 , cmd: 0 , recv: 0
[__main__][INFO] 2022-03-14 16:11:03,004: ok: 0, ping: 0 , conner: 0 , cmd: 0 , recv: 0
[__main__][INFO] 2022-03-14 16:11:33,003: ok: 0, ping: 0 , conner: 0 , cmd: 0 , recv: 0
[__main__][INFO] 2022-03-14 16:12:03,005: ok: 0, ping: 0 , conner: 0 , cmd: 0 , recv: 0
[__main__][INFO] 2022-03-14 16:12:33,003: ok: 0, ping: 0 , conner: 0 , cmd: 0 , recv: 0
[__main__][INFO] 2022-03-14 16:13:03,002: ok: 0, ping: 0 , conner: 0 , cmd: 0 , recv: 0
[__main__][INFO] 2022-03-14 16:13:33,004: ok: 0, ping: 0 , conner: 0 , cmd: 0 , recv: 0
[__main__][INFO] 2022-03-14 16:14:03,002: ok: 0, ping: 0 , conner: 0 , cmd: 0 , recv: 0
[__main__][INFO] 2022-03-14 16:14:33,003: ok: 0, ping: 0 , conner: 0 , cmd: 0 , recv: 0
[__main__][INFO] 2022-03-14 16:15:03,002: ok: 0, ping: 0 , conner: 0 , cmd: 0 , recv: 0
[__main__][INFO] 2022-03-14 16:15:33,002: ok: 0, ping: 0 , conner: 0 , cmd: 0 , recv: 0
[__main__][INFO] 2022-03-14 16:16:03,004: ok: 0, ping: 0 , conner: 0 , cmd: 0 , recv: 0
[__main__][INFO] 2022-03-14 16:16:33,005: ok: 0, ping: 0 , conner: 0 , cmd: 0 , recv: 0
[__main__][INFO] 2022-03-14 16:17:03,004: ok: 0, ping: 0 , conner: 0 , cmd: 0 , recv: 0
[__main__][INFO] 2022-03-14 16:17:33,002: ok: 0, ping: 0 , conner: 0 , cmd: 0 , recv: 0
[__main__][INFO] 2022-03-14 16:18:03,004: ok: 0, ping: 0 , conner: 0 , cmd: 0 , recv: 0
[__main__][INFO] 2022-03-14 16:18:33,005: ok: 0, ping: 0 , conner: 0 , cmd: 0 , recv: 0
[__main__][INFO] 2022-03-14 16:19:03,004: ok: 0, ping: 0 , conner: 0 , cmd: 0 , recv: 0
[__main__][INFO] 2022-03-14 16:19:33,003: ok: 0, ping: 0 , conner: 0 , cmd: 0 , recv: 0
[__main__][INFO] 2022-03-14 16:20:03,002: ok: 0, ping: 0 , conner: 0 , cmd: 0 , recv: 0
[__main__][INFO] 2022-03-14 16:20:33,002: ok: 0, ping: 0 , conner: 0 , cmd: 0 , recv: 0
[__main__][INFO] 2022-03-14 16:21:03,003: ok: 0, ping: 0 , conner: 0 , cmd: 0 , recv: 0
[__main__][INFO] 2022-03-14 16:21:33,004: ok: 0, ping: 0 , conner: 0 , cmd: 0 , recv: 0
[__main__][INFO] 2022-03-14 16:22:03,002: ok: 0, ping: 0 , conner: 0 , cmd: 0 , recv: 0
[__main__][INFO] 2022-03-14 16:22:33,004: ok: 0, ping: 0 , conner: 0 , cmd: 0 , recv: 0
[__main__][INFO] 2022-03-14 16:23:03,004: ok: 0, ping: 0 , conner: 0 , cmd: 0 , recv: 0
[__main__][INFO] 2022-03-14 16:23:33,002: ok: 0, ping: 0 , conner: 0 , cmd: 0 , recv: 0
[__main__][INFO] 2022-03-14 16:24:03,004: ok: 0, ping: 0 , conner: 0 , cmd: 0 , recv: 0
[__main__][INFO] 2022-03-14 16:24:33,005: ok: 0, ping: 0 , conner: 0 , cmd: 0 , recv: 0
[__main__][INFO] 2022-03-14 16:25:03,004: ok: 0, ping: 0 , conner: 0 , cmd: 0 , recv: 0
[__main__][INFO] 2022-03-14 16:25:32,992: ok: 0, ping: 0 , conner: 0 , cmd: 0 , recv: 0
[__main__][INFO] 2022-03-14 16:26:03,002: ok: 0, ping: 0 , conner: 0 , cmd: 0 , recv: 0
[__main__][INFO] 2022-03-14 16:26:33,002: ok: 0, ping: 0 , conner: 0 , cmd: 0 , recv: 0
[__main__][INFO] 2022-03-14 16:27:03,002: ok: 0, ping: 0 , conner: 0 , cmd: 0 , recv: 0
[__main__][INFO] 2022-03-14 16:27:33,004: ok: 0, ping: 0 , conner: 0 , cmd: 0 , recv: 0
[__main__][INFO] 2022-03-14 16:28:03,004: ok: 0, ping: 0 , conner: 0 , cmd: 0 , recv: 0
[__main__][INFO] 2022-03-14 16:28:33,004: ok: 0, ping: 0 , conner: 0 , cmd: 0 , recv: 0
[__main__][INFO] 2022-03-14 16:29:03,005: ok: 0, ping: 0 , conner: 0 , cmd: 0 , recv: 0
[__main__][INFO] 2022-03-14 16:29:33,005: ok: 0, ping: 0 , conner: 0 , cmd: 0 , recv: 0
[__main__][INFO] 2022-03-14 16:30:03,004: ok: 0, ping: 0 , conner: 0 , cmd: 0 , recv: 0
[__main__][INFO] 2022-03-14 16:30:33,003: ok: 0, ping: 0 , conner: 0 , cmd: 0 , recv: 0
[__main__][INFO] 2022-03-14 16:31:03,002: ok: 0, ping: 0 , conner: 0 , cmd: 0 , recv: 0
[__main__][INFO] 2022-03-14 16:31:33,002: ok: 0, ping: 0 , conner: 0 , cmd: 0 , recv: 0
[__main__][INFO] 2022-03-14 16:32:03,004: ok: 0, ping: 0 , conner: 0 , cmd: 0 , recv: 0
[__main__][INFO] 2022-03-14 16:32:33,010: ok: 0, ping: 0 , conner: 0 , cmd: 0 , recv: 0
[__main__][INFO] 2022-03-14 16:33:03,002: ok: 0, ping: 0 , conner: 0 , cmd: 0 , recv: 0
[__main__][INFO] 2022-03-14 16:33:33,004: ok: 0, ping: 0 , conner: 0 , cmd: 0 , recv: 0
[__main__][INFO] 2022-03-14 16:34:03,002: ok: 0, ping: 0 , conner: 0 , cmd: 0 , recv: 0
[__main__][INFO] 2022-03-14 16:34:33,005: ok: 0, ping: 0 , conner: 0 , cmd: 0 , recv: 0
[__main__][INFO] 2022-03-14 16:35:03,002: ok: 0, ping: 0 , conner: 0 , cmd: 0 , recv: 0
[__main__][INFO] 2022-03-14 16:35:33,004: ok: 0, ping: 0 , conner: 0 , cmd: 0 , recv: 0
[__main__][INFO] 2022-03-14 16:36:03,003: ok: 0, ping: 0 , conner: 0 , cmd: 0 , recv: 0
[__main__][INFO] 2022-03-14 16:36:33,004: ok: 0, ping: 0 , conner: 0 , cmd: 0 , recv: 0
[__main__][INFO] 2022-03-14 16:37:03,005: ok: 0, ping: 0 , conner: 0 , cmd: 0 , recv: 0
[__main__][INFO] 2022-03-14 16:37:33,002: ok: 0, ping: 0 , conner: 0 , cmd: 0 , recv: 0
[__main__][INFO] 2022-03-14 16:38:03,004: ok: 0, ping: 0 , conner: 0 , cmd: 0 , recv: 0
[__main__][INFO] 2022-03-14 16:38:33,002: ok: 0, ping: 0 , conner: 0 , cmd: 0 , recv: 0
[__main__][INFO] 2022-03-14 16:39:03,004: ok: 0, ping: 0 , conner: 0 , cmd: 0 , recv: 0
[__main__][INFO] 2022-03-14 16:39:33,004: ok: 0, ping: 0 , conner: 0 , cmd: 0 , recv: 0
[__main__][INFO] 2022-03-14 16:40:03,003: ok: 0, ping: 0 , conner: 0 , cmd: 0 , recv: 0
[__main__][INFO] 2022-03-14 16:40:33,002: ok: 0, ping: 0 , conner: 0 , cmd: 0 , recv: 0
[__main__][INFO] 2022-03-14 16:41:03,002: ok: 0, ping: 0 , conner: 0 , cmd: 0 , recv: 0
[__main__][INFO] 2022-03-14 16:41:33,003: ok: 0, ping: 0 , conner: 0 , cmd: 0 , recv: 0
[__main__][INFO] 2022-03-14 16:42:03,002: ok: 0, ping: 0 , conner: 0 , cmd: 0 , recv: 0
[__main__][INFO] 2022-03-14 16:42:33,005: ok: 0, ping: 0 , conner: 0 , cmd: 0 , recv: 0
[__main__][INFO] 2022-03-14 16:43:03,003: ok: 0, ping: 0 , conner: 0 , cmd: 0 , recv: 0
[__main__][INFO] 2022-03-14 16:43:33,004: ok: 0, ping: 0 , conner: 0 , cmd: 0 , recv: 0
[__main__][INFO] 2022-03-14 16:44:03,002: ok: 0, ping: 0 , conner: 0 , cmd: 0 , recv: 0
[__main__][INFO] 2022-03-14 16:44:33,002: ok: 0, ping: 0 , conner: 0 , cmd: 0 , recv: 0
[__main__][INFO] 2022-03-14 16:45:03,004: ok: 0, ping: 0 , conner: 0 , cmd: 0 , recv: 0
[__main__][INFO] 2022-03-14 16:45:33,004: ok: 0, ping: 0 , conner: 0 , cmd: 0 , recv: 0
[__main__][INFO] 2022-03-14 16:46:03,007: ok: 0, ping: 0 , conner: 0 , cmd: 0 , recv: 0
[__main__][INFO] 2022-03-14 16:46:33,007: ok: 0, ping: 0 , conner: 0 , cmd: 0 , recv: 0
[__main__][INFO] 2022-03-14 16:47:03,004: ok: 0, ping: 0 , conner: 0 , cmd: 0 , recv: 0
[__main__][INFO] 2022-03-14 16:47:33,002: ok: 0, ping: 0 , conner: 0 , cmd: 0 , recv: 0
[__main__][INFO] 2022-03-14 16:48:03,004: ok: 0, ping: 0 , conner: 0 , cmd: 0 , recv: 0
[__main__][INFO] 2022-03-14 16:48:33,002: ok: 0, ping: 0 , conner: 0 , cmd: 0 , recv: 0
[__main__][INFO] 2022-03-14 16:49:03,004: ok: 0, ping: 0 , conner: 0 , cmd: 0 , recv: 0
[__main__][INFO] 2022-03-14 16:49:33,003: ok: 0, ping: 0 , conner: 0 , cmd: 0 , recv: 0
[__main__][INFO] 2022-03-14 16:50:03,006: ok: 0, ping: 0 , conner: 0 , cmd: 0 , recv: 0
[__main__][INFO] 2022-03-14 16:50:33,002: ok: 0, ping: 0 , conner: 0 , cmd: 0 , recv: 0
[__main__][INFO] 2022-03-14 16:51:03,003: ok: 0, ping: 0 , conner: 0 , cmd: 0 , recv: 0
[__main__][INFO] 2022-03-14 16:51:33,002: ok: 0, ping: 0 , conner: 0 , cmd: 0 , recv: 0
[__main__][INFO] 2022-03-14 16:52:03,002: ok: 0, ping: 0 , conner: 0 , cmd: 0 , recv: 0
[__main__][INFO] 2022-03-14 16:52:33,002: ok: 0, ping: 0 , conner: 0 , cmd: 0 , recv: 0
[__main__][INFO] 2022-03-14 16:53:03,004: ok: 0, ping: 0 , conner: 0 , cmd: 0 , recv: 0
[__main__][INFO] 2022-03-14 16:53:33,004: ok: 0, ping: 0 , conner: 0 , cmd: 0 , recv: 0
[__main__][INFO] 2022-03-14 16:54:03,002: ok: 0, ping: 0 , conner: 0 , cmd: 0 , recv: 0
[__main__][INFO] 2022-03-14 16:54:33,002: ok: 0, ping: 0 , conner: 0 , cmd: 0 , recv: 0
[__main__][INFO] 2022-03-14 16:55:03,004: ok: 0, ping: 0 , conner: 0 , cmd: 0 , recv: 0
[__main__][INFO] 2022-03-14 16:55:33,002: ok: 0, ping: 0 , conner: 0 , cmd: 0 , recv: 0
[__main__][INFO] 2022-03-14 16:56:03,004: ok: 0, ping: 0 , conner: 0 , cmd: 0 , recv: 0
[__main__][INFO] 2022-03-14 16:56:33,003: ok: 0, ping: 0 , conner: 0 , cmd: 0 , recv: 0
[__main__][INFO] 2022-03-14 16:57:03,003: ok: 0, ping: 0 , conner: 0 , cmd: 0 , recv: 0
[__main__][INFO] 2022-03-14 16:57:33,004: ok: 0, ping: 0 , conner: 0 , cmd: 0 , recv: 0
[__main__][INFO] 2022-03-14 16:58:03,003: ok: 0, ping: 0 , conner: 0 , cmd: 0 , recv: 0
[__main__][INFO] 2022-03-14 16:58:33,004: ok: 0, ping: 0 , conner: 0 , cmd: 0 , recv: 0
[__main__][INFO] 2022-03-14 16:59:03,003: ok: 0, ping: 0 , conner: 0 , cmd: 0 , recv: 0
[__main__][INFO] 2022-03-14 16:59:33,003: ok: 0, ping: 0 , conner: 0 , cmd: 0 , recv: 0
[__main__][INFO] 2022-03-14 17:00:03,005: ok: 0, ping: 0 , conner: 0 , cmd: 0 , recv: 0
[__main__][INFO] 2022-03-14 17:00:33,002: ok: 0, ping: 0 , conner: 0 , cmd: 0 , recv: 0
[__main__][INFO] 2022-03-14 17:01:03,004: ok: 0, ping: 0 , conner: 0 , cmd: 0 , recv: 0
[__main__][INFO] 2022-03-14 17:01:33,002: ok: 0, ping: 0 , conner: 0 , cmd: 0 , recv: 0
[__main__][INFO] 2022-03-14 17:02:03,002: ok: 0, ping: 0 , conner: 0 , cmd: 0 , recv: 0
[__main__][INFO] 2022-03-14 17:02:33,004: ok: 0, ping: 0 , conner: 0 , cmd: 0 , recv: 0
[__main__][INFO] 2022-03-14 17:03:03,004: ok: 0, ping: 0 , conner: 0 , cmd: 0 , recv: 0
[__main__][INFO] 2022-03-14 17:03:33,003: ok: 0, ping: 0 , conner: 0 , cmd: 0 , recv: 0
[__main__][INFO] 2022-03-14 17:04:03,004: ok: 0, ping: 0 , conner: 0 , cmd: 0 , recv: 0
[__main__][INFO] 2022-03-14 17:04:33,002: ok: 0, ping: 0 , conner: 0 , cmd: 0 , recv: 0
[__main__][INFO] 2022-03-14 17:05:03,003: ok: 0, ping: 0 , conner: 0 , cmd: 0 , recv: 0
[__main__][INFO] 2022-03-14 17:05:33,003: ok: 0, ping: 0 , conner: 0 , cmd: 0 , recv: 0
[__main__][INFO] 2022-03-14 17:06:03,003: ok: 0, ping: 0 , conner: 0 , cmd: 0 , recv: 0
[__main__][INFO] 2022-03-14 17:06:33,003: ok: 0, ping: 0 , conner: 0 , cmd: 0 , recv: 0
[__main__][INFO] 2022-03-14 17:07:03,002: ok: 0, ping: 0 , conner: 0 , cmd: 0 , recv: 0
[__main__][INFO] 2022-03-14 17:07:33,002: ok: 0, ping: 0 , conner: 0 , cmd: 0 , recv: 0
[__main__][INFO] 2022-03-14 17:08:03,003: ok: 0, ping: 0 , conner: 0 , cmd: 0 , recv: 0
[__main__][INFO] 2022-03-14 17:08:33,002: ok: 0, ping: 0 , conner: 0 , cmd: 0 , recv: 0
[__main__][INFO] 2022-03-14 17:09:03,002: ok: 0, ping: 0 , conner: 0 , cmd: 0 , recv: 0
[__main__][INFO] 2022-03-14 17:09:33,002: ok: 0, ping: 0 , conner: 0 , cmd: 0 , recv: 0
[__main__][INFO] 2022-03-14 17:10:03,003: ok: 0, ping: 0 , conner: 0 , cmd: 0 , recv: 0
[__main__][INFO] 2022-03-14 17:10:33,002: ok: 0, ping: 0 , conner: 0 , cmd: 0 , recv: 0
