[rospy.client][INFO] 2022-03-14 09:14:04,274: init_node, name[/roswww], pid[5523]
[xmlrpc][INFO] 2022-03-14 09:14:04,274: XML-RPC server binding to 0.0.0.0:0
[xmlrpc][INFO] 2022-03-14 09:14:04,275: Started XML-RPC server [http://robot:34887/]
[rospy.init][INFO] 2022-03-14 09:14:04,275: ROS Slave URI: [http://robot:34887/]
[rospy.impl.masterslave][INFO] 2022-03-14 09:14:04,275: _ready: http://robot:34887/
[rospy.registration][INFO] 2022-03-14 09:14:04,275: Registering with master node http://127.0.0.1:11311
[xmlrpc][INFO] 2022-03-14 09:14:04,275: xml rpc node: starting XML-RPC server
[rospy.registration][INFO] 2022-03-14 09:14:04,275: Registering publisher topic [/control_system/map_update] type [common_msgs/MapUpdateParam] with master
[rospy.registration][INFO] 2022-03-14 09:14:04,277: Registering publisher topic [/validateCrc] type [std_msgs/Empty] with master
[rospy.registration][INFO] 2022-03-14 09:14:04,279: registering subscriber topic [/giraffe/initGiraffe] type [std_msgs/Empty] with master
[rospy.internal][INFO] 2022-03-14 09:14:04,310: topic[/validateCrc] adding connection to [/communicationWs], count 0
[rospy.internal][INFO] 2022-03-14 09:14:04,310: topic[/control_system/map_update] adding connection to [/communicationWs], count 0
[rospy.init][INFO] 2022-03-14 09:14:04,375: registered with master
[rospy.rosout][INFO] 2022-03-14 09:14:04,375: initializing /rosout core topic
[rospy.rosout][INFO] 2022-03-14 09:14:04,377: connected to core topic /rosout
[rospy.simtime][INFO] 2022-03-14 09:14:04,378: /use_sim_time is not set, will not subscribe to simulated time [/clock] topic
[roswww][WARNING] 2022-03-14 09:14:04,408: roswww : # of packages : 333
[roswww][WARNING] 2022-03-14 09:14:04,408: roswww : Weg Page root : ./
[roswww][INFO] 2022-03-14 09:14:04,493: roswww : Initialised
[roswww][INFO] 2022-03-14 09:14:04,494: roswww : Attempting to start webserver on port 8888
[roswww][INFO] 2022-03-14 09:14:04,497: roswww : Webserver successfully started on port 8888
[rospy.internal][INFO] 2022-03-14 09:14:04,621: topic[/rosout] adding connection to [/rosout], count 0
[tornado.access][INFO] 2022-03-14 09:14:06,464: 200 GET /web_server/ (::1) 3.47ms
[tornado.access][INFO] 2022-03-14 09:14:06,489: 200 GET /web_server/view/stationManage/stationManage.html (::1) 7.50ms
[tornado.access][INFO] 2022-03-14 09:14:06,512: 200 GET /web_server/css/bootstrap.min.css (::1) 3.98ms
[tornado.access][INFO] 2022-03-14 09:14:06,514: 200 GET /web_server/css/sweetalert.css (::1) 1.43ms
[tornado.access][INFO] 2022-03-14 09:14:06,516: 200 GET /web_server/css/toastr.min.css (::1) 1.03ms
[tornado.access][INFO] 2022-03-14 09:14:06,517: 200 GET /web_server/css/ol.css (::1) 1.07ms
[tornado.access][INFO] 2022-03-14 09:14:06,519: 200 GET /web_server/css/mystyle.css (::1) 1.23ms
[tornado.access][INFO] 2022-03-14 09:14:06,520: 200 GET /web_server/css/myfonts.css (::1) 1.19ms
[tornado.access][INFO] 2022-03-14 09:14:06,522: 200 GET /web_server/scripts/jquery-3.6.0.min.js (::1) 1.60ms
[tornado.access][INFO] 2022-03-14 09:14:06,524: 200 GET /web_server/scripts/bootstrap.min.js (::1) 1.45ms
[tornado.access][INFO] 2022-03-14 09:14:06,526: 200 GET /web_server/scripts/eventemitter2.min.js (::1) 1.07ms
[tornado.access][INFO] 2022-03-14 09:14:06,527: 200 GET /web_server/scripts/roslib.min.js (::1) 1.19ms
[tornado.access][INFO] 2022-03-14 09:14:06,528: 200 GET /web_server/css/stationManage/stationManage.css (::1) 0.88ms
[tornado.access][INFO] 2022-03-14 09:14:06,530: 200 GET /web_server/scripts/common/ConstantDef.js (::1) 0.91ms
[tornado.access][INFO] 2022-03-14 09:14:06,531: 200 GET /web_server/scripts/common.js (::1) 0.99ms
[tornado.access][INFO] 2022-03-14 09:14:06,536: 200 GET /web_server/scripts/gojs_2.1.40.js (::1) 4.68ms
[tornado.access][INFO] 2022-03-14 09:14:06,540: 200 GET /web_server/scripts/ol-v3.9.0.js (::1) 3.93ms
[tornado.access][INFO] 2022-03-14 09:14:06,542: 200 GET /web_server/scripts/sweetalert.js (::1) 1.01ms
[tornado.access][INFO] 2022-03-14 09:14:06,543: 200 GET /web_server/scripts/i18n/jquery.i18n.properties.js (::1) 1.06ms
[tornado.access][INFO] 2022-03-14 09:14:06,545: 200 GET /web_server/scripts/toastr.min.js (::1) 1.71ms
[tornado.access][INFO] 2022-03-14 09:14:06,605: 200 GET /web_server/scripts/stationManage/DiagramViewControl.js (::1) 8.20ms
[tornado.access][INFO] 2022-03-14 09:14:06,609: 200 GET /web_server/scripts/stationManage/stationManage.js (::1) 1.88ms
[tornado.access][INFO] 2022-03-14 09:14:06,612: 200 GET /web_server/images/map/free_agv_small_nanjing.png (::1) 1.38ms
[tornado.access][INFO] 2022-03-14 09:14:06,616: 200 GET /web_server/images/map/unempty_agv_small_nanjing.png (::1) 1.69ms
[tornado.access][INFO] 2022-03-14 09:14:06,687: 200 GET /web_server/images/map/charging_agv_small_nanjing.png (::1) 7.35ms
[tornado.access][INFO] 2022-03-14 09:14:06,689: 200 GET /web_server/images/loadingsmall.gif (::1) 1.14ms
[tornado.access][INFO] 2022-03-14 09:14:06,690: 200 GET /web_server/images/arrow/downarrow.png (::1) 1.07ms
[tornado.access][INFO] 2022-03-14 09:14:06,691: 200 GET /web_server/images/map/alarm_agv_small_nanjing.png (::1) 1.02ms
[tornado.access][INFO] 2022-03-14 09:14:06,693: 200 GET /web_server/view/common/header.html (::1) 1.17ms
[tornado.access][INFO] 2022-03-14 09:14:06,695: 200 GET /web_server/images/importStation.png (::1) 2.14ms
[tornado.access][INFO] 2022-03-14 09:14:06,753: 200 GET /web_server/fonts/icomoon.ttf?oz3764 (::1) 1.84ms
[tornado.access][INFO] 2022-03-14 09:14:06,780: 200 GET /web_server/css/header/header.css (::1) 11.74ms
[tornado.access][INFO] 2022-03-14 09:14:06,783: 200 GET /web_server/images/blueloading.gif (::1) 2.13ms
[tornado.access][INFO] 2022-03-14 09:14:06,785: 200 GET /web_server/images/logo.png (::1) 2.21ms
[tornado.access][INFO] 2022-03-14 09:14:06,789: 200 GET /web_server/view/common/taskWait.html (::1) 2.89ms
[tornado.access][INFO] 2022-03-14 09:14:06,797: 200 GET /web_server/view/common/taskException.html (::1) 7.19ms
[tornado.access][INFO] 2022-03-14 09:14:06,800: 200 GET /web_server/images/blue_logo.png (::1) 2.06ms
[tornado.access][INFO] 2022-03-14 09:14:06,845: 200 GET /web_server/scripts/i18n/common.properties?_=1647220446580 (::1) 2.25ms
[tornado.access][INFO] 2022-03-14 09:14:06,858: 200 GET /web_server/scripts/i18n/common_zh.properties?_=1647220446581 (::1) 9.43ms
[tornado.access][INFO] 2022-03-14 09:14:07,051: 200 GET /web_server/scripts/common/taskException.js (::1) 1.72ms
[tornado.access][INFO] 2022-03-14 09:14:07,063: 200 GET /web_server/scripts/i18n/common.properties?_=1647220446582 (::1) 1.96ms
[tornado.access][INFO] 2022-03-14 09:14:07,078: 200 GET /web_server/scripts/i18n/common_zh.properties?_=1647220446583 (::1) 1.27ms
[tornado.access][INFO] 2022-03-14 09:14:07,107: 304 GET /mapManage/readYamlPng (::1) 14.67ms
[tornado.access][INFO] 2022-03-14 09:14:07,143: 304 GET /getAgvConfig (::1) 26.51ms
[tornado.access][INFO] 2022-03-14 09:14:07,311: 200 GET /web_server/images/station/station_type.svg (::1) 1.64ms
[tornado.access][INFO] 2022-03-14 09:14:08,747: 200 GET /web_server/images/cursor/openhand.cur (::1) 1.67ms
[tornado.access][INFO] 2022-03-14 09:14:09,081: 304 GET /getAgvConfig (::1) 6.86ms
[tornado.access][INFO] 2022-03-14 09:14:16,621: 200 GET /web_server/images/map/charging_agv_small_nanjing.png (::1) 1.95ms
[tornado.access][INFO] 2022-03-14 09:16:05,894: 200 GET /web_server/view/agvConfig/switchMode.html (::1) 8.62ms
[tornado.access][INFO] 2022-03-14 09:16:05,917: 200 GET /web_server/css/bootstrap.min.css (::1) 2.76ms
[tornado.access][INFO] 2022-03-14 09:16:05,920: 200 GET /web_server/css/sweetalert.css (::1) 1.88ms
[tornado.access][INFO] 2022-03-14 09:16:05,922: 200 GET /web_server/css/mystyle.css (::1) 1.53ms
[tornado.access][INFO] 2022-03-14 09:16:05,925: 200 GET /web_server/scripts/jquery-3.6.0.min.js (::1) 2.72ms
[tornado.access][INFO] 2022-03-14 09:16:05,930: 200 GET /web_server/scripts/bootstrap.min.js (::1) 2.97ms
[tornado.access][INFO] 2022-03-14 09:16:05,932: 200 GET /web_server/css/myfonts.css (::1) 1.96ms
[tornado.access][INFO] 2022-03-14 09:16:05,936: 200 GET /web_server/scripts/roslib.min.js (::1) 2.86ms
[tornado.access][INFO] 2022-03-14 09:16:05,938: 200 GET /web_server/scripts/common/ConstantDef.js (::1) 1.64ms
[tornado.access][INFO] 2022-03-14 09:16:05,941: 200 GET /web_server/scripts/common.js (::1) 2.33ms
[tornado.access][INFO] 2022-03-14 09:16:05,944: 200 GET /web_server/scripts/sweetalert.js (::1) 1.63ms
[tornado.access][INFO] 2022-03-14 09:16:05,947: 200 GET /web_server/scripts/eventemitter2.min.js (::1) 1.85ms
[tornado.access][INFO] 2022-03-14 09:16:05,951: 200 GET /web_server/scripts/i18n/jquery.i18n.properties.js (::1) 1.89ms
[tornado.access][INFO] 2022-03-14 09:16:05,973: 200 GET /web_server/images/bigloading.gif (::1) 8.25ms
[tornado.access][INFO] 2022-03-14 09:16:05,976: 200 GET /web_server/view/common/header.html (::1) 2.49ms
[tornado.access][INFO] 2022-03-14 09:16:05,985: 200 GET /web_server/images/logo.png (::1) 1.72ms
[tornado.access][INFO] 2022-03-14 09:16:05,988: 200 GET /web_server/images/blueloading.gif (::1) 2.00ms
[tornado.access][INFO] 2022-03-14 09:16:05,990: 200 GET /web_server/images/blue_logo.png (::1) 1.89ms
[tornado.access][INFO] 2022-03-14 09:16:05,992: 200 GET /web_server/view/common/taskException.html (::1) 1.36ms
[tornado.access][INFO] 2022-03-14 09:16:05,994: 200 GET /web_server/view/common/taskWait.html (::1) 1.60ms
[tornado.access][INFO] 2022-03-14 09:16:05,998: 200 GET /web_server/css/header/header.css (::1) 2.73ms
[tornado.access][INFO] 2022-03-14 09:16:06,001: 200 GET /web_server/scripts/i18n/common.properties?_=1647220565951 (::1) 1.07ms
[tornado.access][INFO] 2022-03-14 09:16:06,005: 200 GET /web_server/scripts/i18n/common_zh.properties?_=1647220565952 (::1) 0.97ms
[tornado.access][INFO] 2022-03-14 09:16:06,017: 200 GET /web_server/scripts/common/taskException.js (::1) 1.45ms
[tornado.access][INFO] 2022-03-14 09:16:06,030: 200 GET /web_server/scripts/i18n/common.properties?_=1647220565953 (::1) 1.82ms
[tornado.access][INFO] 2022-03-14 09:16:06,036: 200 GET /web_server/scripts/i18n/common_zh.properties?_=1647220565954 (::1) 1.44ms
[tornado.access][INFO] 2022-03-14 09:16:06,097: 304 GET /getAgvConfig (::1) 43.39ms
[tornado.access][INFO] 2022-03-14 09:16:06,105: 200 GET /web_server/fonts/icomoon.ttf?oz3764 (::1) 1.37ms
[tornado.access][INFO] 2022-03-14 09:16:32,312: 200 POST /login (::1) 0.41ms
[tornado.access][INFO] 2022-03-14 09:18:19,958: 304 GET /getAgvConfig (::1) 3.73ms
[tornado.access][INFO] 2022-03-14 09:18:32,811: 304 GET /getAgvConfig (::1) 3.98ms
[tornado.access][INFO] 2022-03-14 09:18:56,494: 200 GET /web_server/view/systemConfig/CarMode.html (::1) 14.37ms
[tornado.access][INFO] 2022-03-14 09:18:56,514: 200 GET /web_server/css/toastr.min.css (::1) 1.39ms
[tornado.access][INFO] 2022-03-14 09:18:56,517: 200 GET /web_server/css/sweetalert.css (::1) 1.88ms
[tornado.access][INFO] 2022-03-14 09:18:56,519: 200 GET /web_server/css/mystyle.css (::1) 1.83ms
[tornado.access][INFO] 2022-03-14 09:18:56,521: 200 GET /web_server/scripts/jquery-3.6.0.min.js (::1) 1.41ms
[tornado.access][INFO] 2022-03-14 09:18:56,523: 200 GET /web_server/css/myfonts.css (::1) 2.01ms
[tornado.access][INFO] 2022-03-14 09:18:56,525: 200 GET /web_server/css/bootstrap.min.css (::1) 1.75ms
[tornado.access][INFO] 2022-03-14 09:18:56,528: 200 GET /web_server/scripts/bootstrap.min.js (::1) 2.28ms
[tornado.access][INFO] 2022-03-14 09:18:56,531: 200 GET /web_server/scripts/toastr.min.js (::1) 1.30ms
[tornado.access][INFO] 2022-03-14 09:18:56,533: 200 GET /web_server/scripts/eventemitter2.min.js (::1) 1.58ms
[tornado.access][INFO] 2022-03-14 09:18:56,536: 200 GET /web_server/scripts/roslib.min.js (::1) 1.67ms
[tornado.access][INFO] 2022-03-14 09:18:56,538: 200 GET /web_server/scripts/i18n/jquery.i18n.properties.js (::1) 1.21ms
[tornado.access][INFO] 2022-03-14 09:18:56,541: 200 GET /web_server/scripts/common/ConstantDef.js (::1) 2.21ms
[tornado.access][INFO] 2022-03-14 09:18:56,543: 200 GET /web_server/scripts/common.js (::1) 1.45ms
[tornado.access][INFO] 2022-03-14 09:18:56,545: 200 GET /web_server/scripts/sweetalert.js (::1) 1.45ms
[tornado.access][INFO] 2022-03-14 09:18:56,555: 200 GET /web_server/images/bigloading.gif (::1) 2.02ms
[tornado.access][INFO] 2022-03-14 09:18:56,560: 200 GET /web_server/view/common/header.html (::1) 1.83ms
[tornado.access][INFO] 2022-03-14 09:18:56,571: 200 GET /web_server/images/logo.png (::1) 1.24ms
[tornado.access][INFO] 2022-03-14 09:18:56,573: 200 GET /web_server/images/blue_logo.png (::1) 1.42ms
[tornado.access][INFO] 2022-03-14 09:18:56,575: 200 GET /web_server/images/blueloading.gif (::1) 1.67ms
[tornado.access][INFO] 2022-03-14 09:18:56,580: 200 GET /web_server/css/header/header.css (::1) 3.26ms
[tornado.access][INFO] 2022-03-14 09:18:56,582: 200 GET /web_server/view/common/taskException.html (::1) 1.22ms
[tornado.access][INFO] 2022-03-14 09:18:56,584: 200 GET /web_server/view/common/taskWait.html (::1) 1.62ms
[tornado.access][INFO] 2022-03-14 09:18:56,588: 200 GET /web_server/scripts/i18n/common.properties?_=1647220736537 (::1) 1.09ms
[tornado.access][INFO] 2022-03-14 09:18:56,595: 200 GET /web_server/scripts/i18n/common_zh.properties?_=1647220736538 (::1) 1.08ms
[tornado.access][INFO] 2022-03-14 09:18:56,612: 200 GET /web_server/scripts/common/taskException.js (::1) 1.67ms
[tornado.access][INFO] 2022-03-14 09:18:56,623: 200 GET /web_server/scripts/i18n/common.properties?_=1647220736539 (::1) 1.95ms
[tornado.access][INFO] 2022-03-14 09:18:56,628: 200 GET /web_server/scripts/i18n/common_zh.properties?_=1647220736540 (::1) 1.84ms
[tornado.access][INFO] 2022-03-14 09:18:56,691: 304 GET /getAgvConfig (::1) 42.36ms
[tornado.access][INFO] 2022-03-14 09:18:56,716: 200 GET /web_server/fonts/icomoon.ttf?oz3764 (::1) 2.19ms
[tornado.access][INFO] 2022-03-14 09:19:14,040: 200 GET /web_server/view/stationManage/stationManage.html (::1) 1.00ms
[tornado.access][INFO] 2022-03-14 09:19:14,062: 200 GET /web_server/css/bootstrap.min.css (::1) 3.05ms
[tornado.access][INFO] 2022-03-14 09:19:14,064: 200 GET /web_server/css/myfonts.css (::1) 1.46ms
[tornado.access][INFO] 2022-03-14 09:19:14,066: 200 GET /web_server/css/toastr.min.css (::1) 2.14ms
[tornado.access][INFO] 2022-03-14 09:19:14,068: 200 GET /web_server/css/sweetalert.css (::1) 1.58ms
[tornado.access][INFO] 2022-03-14 09:19:14,071: 200 GET /web_server/css/mystyle.css (::1) 1.96ms
[tornado.access][INFO] 2022-03-14 09:19:14,073: 200 GET /web_server/css/ol.css (::1) 1.83ms
[tornado.access][INFO] 2022-03-14 09:19:14,076: 200 GET /web_server/css/stationManage/stationManage.css (::1) 1.71ms
[tornado.access][INFO] 2022-03-14 09:19:14,079: 200 GET /web_server/scripts/jquery-3.6.0.min.js (::1) 1.87ms
[tornado.access][INFO] 2022-03-14 09:19:14,080: 200 GET /web_server/scripts/bootstrap.min.js (::1) 1.16ms
[tornado.access][INFO] 2022-03-14 09:19:14,083: 200 GET /web_server/scripts/eventemitter2.min.js (::1) 1.89ms
[tornado.access][INFO] 2022-03-14 09:19:14,085: 200 GET /web_server/scripts/roslib.min.js (::1) 1.78ms
[tornado.access][INFO] 2022-03-14 09:19:14,087: 200 GET /web_server/scripts/i18n/jquery.i18n.properties.js (::1) 1.32ms
[tornado.access][INFO] 2022-03-14 09:19:14,089: 200 GET /web_server/scripts/common.js (::1) 1.37ms
[tornado.access][INFO] 2022-03-14 09:19:14,092: 200 GET /web_server/scripts/gojs_2.1.40.js (::1) 2.05ms
[tornado.access][INFO] 2022-03-14 09:19:14,095: 200 GET /web_server/scripts/ol-v3.9.0.js (::1) 1.74ms
[tornado.access][INFO] 2022-03-14 09:19:14,097: 200 GET /web_server/scripts/sweetalert.js (::1) 1.50ms
[tornado.access][INFO] 2022-03-14 09:19:14,099: 200 GET /web_server/scripts/toastr.min.js (::1) 1.83ms
[tornado.access][INFO] 2022-03-14 09:19:14,101: 200 GET /web_server/scripts/common/ConstantDef.js (::1) 1.28ms
[tornado.access][INFO] 2022-03-14 09:19:14,118: 200 GET /web_server/scripts/stationManage/DiagramViewControl.js (::1) 1.00ms
[tornado.access][INFO] 2022-03-14 09:19:14,122: 200 GET /web_server/scripts/stationManage/stationManage.js (::1) 0.91ms
[tornado.access][INFO] 2022-03-14 09:19:14,126: 200 GET /web_server/images/map/free_agv_small_nanjing.png (::1) 1.27ms
[tornado.access][INFO] 2022-03-14 09:19:14,130: 200 GET /web_server/images/map/unempty_agv_small_nanjing.png (::1) 0.92ms
[tornado.access][INFO] 2022-03-14 09:19:14,131: 200 GET /web_server/images/map/charging_agv_small_nanjing.png (::1) 1.05ms
[tornado.access][INFO] 2022-03-14 09:19:14,134: 200 GET /web_server/images/map/alarm_agv_small_nanjing.png (::1) 1.44ms
[tornado.access][INFO] 2022-03-14 09:19:14,137: 200 GET /web_server/images/arrow/downarrow.png (::1) 1.13ms
[tornado.access][INFO] 2022-03-14 09:19:14,187: 200 GET /web_server/images/loadingsmall.gif (::1) 1.38ms
[tornado.access][INFO] 2022-03-14 09:19:14,188: 200 GET /web_server/view/common/header.html (::1) 0.91ms
[tornado.access][INFO] 2022-03-14 09:19:14,190: 200 GET /web_server/images/importStation.png (::1) 1.14ms
[tornado.access][INFO] 2022-03-14 09:19:14,198: 200 GET /web_server/fonts/icomoon.ttf?oz3764 (::1) 1.04ms
[tornado.access][INFO] 2022-03-14 09:19:14,200: 200 GET /web_server/images/logo.png (::1) 1.11ms
[tornado.access][INFO] 2022-03-14 09:19:14,201: 200 GET /web_server/images/blue_logo.png (::1) 0.98ms
[tornado.access][INFO] 2022-03-14 09:19:14,203: 200 GET /web_server/images/blueloading.gif (::1) 1.07ms
[tornado.access][INFO] 2022-03-14 09:19:14,204: 200 GET /web_server/css/header/header.css (::1) 0.95ms
[tornado.access][INFO] 2022-03-14 09:19:14,206: 200 GET /web_server/view/common/taskException.html (::1) 0.92ms
[tornado.access][INFO] 2022-03-14 09:19:14,207: 200 GET /web_server/view/common/taskWait.html (::1) 1.01ms
[tornado.access][INFO] 2022-03-14 09:19:14,215: 200 GET /web_server/scripts/i18n/common.properties?_=1647220754090 (::1) 1.06ms
[tornado.access][INFO] 2022-03-14 09:19:14,219: 200 GET /web_server/scripts/i18n/common_zh.properties?_=1647220754091 (::1) 0.97ms
[tornado.access][INFO] 2022-03-14 09:19:14,233: 200 GET /web_server/scripts/common/taskException.js (::1) 1.10ms
[tornado.access][INFO] 2022-03-14 09:19:14,246: 200 GET /web_server/scripts/i18n/common.properties?_=1647220754092 (::1) 1.04ms
[tornado.access][INFO] 2022-03-14 09:19:14,251: 200 GET /web_server/scripts/i18n/common_zh.properties?_=1647220754093 (::1) 2.12ms
[tornado.access][INFO] 2022-03-14 09:19:14,264: 200 GET /mapManage/readYamlPng (::1) 2.64ms
[tornado.access][INFO] 2022-03-14 09:19:14,292: 304 GET /getAgvConfig (::1) 22.38ms
[tornado.access][INFO] 2022-03-14 09:19:14,397: 200 GET /web_server/images/station/station_type.svg (::1) 1.07ms
[tornado.access][INFO] 2022-03-14 09:19:14,468: 200 GET /web_server/images/cursor/openhand.cur (::1) 1.11ms
[tornado.access][INFO] 2022-03-14 09:19:16,023: 200 GET /web_server/images/arrow/uparrow.png (::1) 1.29ms
[tornado.access][INFO] 2022-03-14 09:20:23,772: 200 GET /web_server/view/agvConfig/switchMode.html (::1) 1.52ms
[tornado.access][INFO] 2022-03-14 09:20:23,792: 200 GET /web_server/css/bootstrap.min.css (::1) 1.55ms
[tornado.access][INFO] 2022-03-14 09:20:23,795: 200 GET /web_server/css/myfonts.css (::1) 2.15ms
[tornado.access][INFO] 2022-03-14 09:20:23,798: 200 GET /web_server/scripts/bootstrap.min.js (::1) 1.82ms
[tornado.access][INFO] 2022-03-14 09:20:23,800: 200 GET /web_server/scripts/eventemitter2.min.js (::1) 1.37ms
[tornado.access][INFO] 2022-03-14 09:20:23,802: 200 GET /web_server/scripts/jquery-3.6.0.min.js (::1) 1.43ms
[tornado.access][INFO] 2022-03-14 09:20:23,804: 200 GET /web_server/css/mystyle.css (::1) 1.61ms
[tornado.access][INFO] 2022-03-14 09:20:23,806: 200 GET /web_server/css/sweetalert.css (::1) 1.65ms
[tornado.access][INFO] 2022-03-14 09:20:23,808: 200 GET /web_server/scripts/roslib.min.js (::1) 1.14ms
[tornado.access][INFO] 2022-03-14 09:20:23,811: 200 GET /web_server/scripts/common/ConstantDef.js (::1) 2.14ms
[tornado.access][INFO] 2022-03-14 09:20:23,813: 200 GET /web_server/scripts/common.js (::1) 1.55ms
[tornado.access][INFO] 2022-03-14 09:20:23,815: 200 GET /web_server/scripts/sweetalert.js (::1) 2.00ms
[tornado.access][INFO] 2022-03-14 09:20:23,817: 200 GET /web_server/scripts/i18n/jquery.i18n.properties.js (::1) 1.20ms
[tornado.access][INFO] 2022-03-14 09:20:23,823: 200 GET /web_server/images/bigloading.gif (::1) 1.35ms
[tornado.access][INFO] 2022-03-14 09:20:23,827: 200 GET /web_server/view/common/header.html (::1) 1.69ms
[tornado.access][INFO] 2022-03-14 09:20:23,835: 200 GET /web_server/scripts/i18n/common.properties?_=1647220823813 (::1) 1.28ms
[tornado.access][INFO] 2022-03-14 09:20:23,840: 200 GET /web_server/scripts/i18n/common_zh.properties?_=1647220823814 (::1) 1.05ms
[tornado.access][INFO] 2022-03-14 09:20:23,852: 200 GET /web_server/images/blueloading.gif (::1) 1.53ms
[tornado.access][INFO] 2022-03-14 09:20:23,860: 200 GET /web_server/images/logo.png (::1) 6.59ms
[tornado.access][INFO] 2022-03-14 09:20:23,863: 200 GET /web_server/view/common/taskWait.html (::1) 1.41ms
[tornado.access][INFO] 2022-03-14 09:20:23,865: 200 GET /web_server/view/common/taskException.html (::1) 1.36ms
[tornado.access][INFO] 2022-03-14 09:20:23,867: 200 GET /web_server/images/blue_logo.png (::1) 2.00ms
[tornado.access][INFO] 2022-03-14 09:20:23,869: 200 GET /web_server/css/header/header.css (::1) 1.06ms
[tornado.access][INFO] 2022-03-14 09:20:23,871: 200 GET /web_server/scripts/i18n/common.properties?_=1647220823815 (::1) 1.45ms
[tornado.access][INFO] 2022-03-14 09:20:23,876: 200 GET /web_server/scripts/i18n/common_zh.properties?_=1647220823816 (::1) 1.19ms
[tornado.access][INFO] 2022-03-14 09:20:23,893: 304 GET /getAgvConfig (::1) 4.37ms
[tornado.access][INFO] 2022-03-14 09:20:23,895: 200 GET /web_server/scripts/common/taskException.js (::1) 1.10ms
[tornado.access][INFO] 2022-03-14 09:20:23,913: 200 GET /web_server/fonts/icomoon.ttf?oz3764 (::1) 4.52ms
[tornado.access][INFO] 2022-03-14 09:20:24,808: 304 GET /mapManage/checkApplyingMap (::1) 1.91ms
[tornado.access][INFO] 2022-03-14 09:20:28,858: 200 GET /web_server/view/stationManage/stationManage.html (::1) 1.53ms
[tornado.access][INFO] 2022-03-14 09:20:28,881: 200 GET /web_server/css/bootstrap.min.css (::1) 1.79ms
[tornado.access][INFO] 2022-03-14 09:20:28,885: 200 GET /web_server/css/ol.css (::1) 3.21ms
[tornado.access][INFO] 2022-03-14 09:20:28,887: 200 GET /web_server/css/mystyle.css (::1) 1.61ms
[tornado.access][INFO] 2022-03-14 09:20:28,888: 200 GET /web_server/css/toastr.min.css (::1) 0.90ms
[tornado.access][INFO] 2022-03-14 09:20:28,891: 200 GET /web_server/css/myfonts.css (::1) 1.50ms
[tornado.access][INFO] 2022-03-14 09:20:28,893: 200 GET /web_server/css/sweetalert.css (::1) 2.04ms
[tornado.access][INFO] 2022-03-14 09:20:28,896: 200 GET /web_server/css/stationManage/stationManage.css (::1) 1.48ms
[tornado.access][INFO] 2022-03-14 09:20:28,898: 200 GET /web_server/scripts/jquery-3.6.0.min.js (::1) 0.95ms
[tornado.access][INFO] 2022-03-14 09:20:28,900: 200 GET /web_server/scripts/bootstrap.min.js (::1) 1.26ms
[tornado.access][INFO] 2022-03-14 09:20:28,902: 200 GET /web_server/scripts/eventemitter2.min.js (::1) 1.20ms
[tornado.access][INFO] 2022-03-14 09:20:28,903: 200 GET /web_server/scripts/roslib.min.js (::1) 1.15ms
[tornado.access][INFO] 2022-03-14 09:20:28,905: 200 GET /web_server/scripts/i18n/jquery.i18n.properties.js (::1) 1.21ms
[tornado.access][INFO] 2022-03-14 09:20:28,908: 200 GET /web_server/scripts/common.js (::1) 1.57ms
[tornado.access][INFO] 2022-03-14 09:20:28,910: 200 GET /web_server/scripts/gojs_2.1.40.js (::1) 1.84ms
[tornado.access][INFO] 2022-03-14 09:20:28,914: 200 GET /web_server/scripts/ol-v3.9.0.js (::1) 2.88ms
[tornado.access][INFO] 2022-03-14 09:20:28,916: 200 GET /web_server/scripts/sweetalert.js (::1) 2.10ms
[tornado.access][INFO] 2022-03-14 09:20:28,919: 200 GET /web_server/scripts/toastr.min.js (::1) 2.13ms
[tornado.access][INFO] 2022-03-14 09:20:28,921: 200 GET /web_server/scripts/common/ConstantDef.js (::1) 1.30ms
[tornado.access][INFO] 2022-03-14 09:20:28,940: 200 GET /web_server/scripts/stationManage/DiagramViewControl.js (::1) 1.87ms
[tornado.access][INFO] 2022-03-14 09:20:28,944: 200 GET /web_server/scripts/stationManage/stationManage.js (::1) 1.76ms
[tornado.access][INFO] 2022-03-14 09:20:28,949: 200 GET /web_server/images/map/free_agv_small_nanjing.png (::1) 1.44ms
[tornado.access][INFO] 2022-03-14 09:20:28,953: 200 GET /web_server/images/map/unempty_agv_small_nanjing.png (::1) 1.29ms
[tornado.access][INFO] 2022-03-14 09:20:28,955: 200 GET /web_server/images/map/charging_agv_small_nanjing.png (::1) 1.49ms
[tornado.access][INFO] 2022-03-14 09:20:28,957: 200 GET /web_server/images/map/alarm_agv_small_nanjing.png (::1) 1.67ms
[tornado.access][INFO] 2022-03-14 09:20:28,961: 200 GET /web_server/images/arrow/downarrow.png (::1) 2.59ms
[tornado.access][INFO] 2022-03-14 09:20:29,012: 200 GET /web_server/images/loadingsmall.gif (::1) 3.12ms
[tornado.access][INFO] 2022-03-14 09:20:29,015: 200 GET /web_server/images/importStation.png (::1) 2.05ms
[tornado.access][INFO] 2022-03-14 09:20:29,018: 200 GET /web_server/view/common/header.html (::1) 2.94ms
[tornado.access][INFO] 2022-03-14 09:20:29,041: 200 GET /web_server/fonts/icomoon.ttf?oz3764 (::1) 1.73ms
[tornado.access][INFO] 2022-03-14 09:20:29,046: 200 GET /web_server/images/logo.png (::1) 1.53ms
[tornado.access][INFO] 2022-03-14 09:20:29,048: 200 GET /web_server/images/blue_logo.png (::1) 1.80ms
[tornado.access][INFO] 2022-03-14 09:20:29,051: 200 GET /web_server/images/blueloading.gif (::1) 1.69ms
[tornado.access][INFO] 2022-03-14 09:20:29,054: 200 GET /web_server/css/header/header.css (::1) 2.12ms
[tornado.access][INFO] 2022-03-14 09:20:29,057: 200 GET /web_server/view/common/taskException.html (::1) 2.52ms
[tornado.access][INFO] 2022-03-14 09:20:29,060: 200 GET /web_server/view/common/taskWait.html (::1) 2.33ms
[tornado.access][INFO] 2022-03-14 09:20:29,074: 200 GET /web_server/scripts/i18n/common.properties?_=1647220828906 (::1) 2.17ms
[tornado.access][INFO] 2022-03-14 09:20:29,082: 200 GET /web_server/scripts/i18n/common_zh.properties?_=1647220828907 (::1) 2.31ms
[tornado.access][INFO] 2022-03-14 09:20:29,114: 200 GET /web_server/scripts/common/taskException.js (::1) 1.92ms
[tornado.access][INFO] 2022-03-14 09:20:29,124: 200 GET /web_server/scripts/i18n/common.properties?_=1647220828908 (::1) 2.37ms
[tornado.access][INFO] 2022-03-14 09:20:29,135: 200 GET /web_server/scripts/i18n/common_zh.properties?_=1647220828909 (::1) 3.73ms
[tornado.access][INFO] 2022-03-14 09:20:29,154: 304 GET /mapManage/readYamlPng (::1) 4.74ms
[tornado.access][INFO] 2022-03-14 09:20:29,345: 304 GET /getAgvConfig (::1) 176.82ms
[tornado.access][INFO] 2022-03-14 09:20:29,681: 200 GET /web_server/images/station/station_type.svg (::1) 1.37ms
[tornado.access][INFO] 2022-03-14 09:20:29,772: 200 GET /web_server/images/cursor/openhand.cur (::1) 2.22ms
[tornado.access][INFO] 2022-03-14 09:20:33,226: 200 GET /web_server/images/map/free_agv_small_nanjing.png (::1) 1.49ms
[tornado.access][INFO] 2022-03-14 09:32:28,949: 304 GET /getAgvConfig (::1) 10.14ms
[tornado.access][INFO] 2022-03-14 09:37:08,849: 304 GET /getAgvConfig (::1) 10.91ms
[tornado.access][INFO] 2022-03-14 09:44:54,462: 304 GET /getAgvConfig (::1) 32.63ms
[tornado.access][INFO] 2022-03-14 09:46:52,617: 304 GET /getAgvConfig (::1) 26.32ms
[tornado.access][INFO] 2022-03-14 09:46:58,033: 304 GET /getAgvConfig (::1) 84.32ms
[tornado.access][INFO] 2022-03-14 09:59:41,518: 304 GET /getAgvConfig (::1) 13.39ms
[tornado.access][INFO] 2022-03-14 10:06:27,714: 304 GET /getAgvConfig (::1) 27.68ms
[tornado.access][INFO] 2022-03-14 10:08:54,340: 304 GET /getAgvConfig (::1) 22.63ms
[tornado.access][INFO] 2022-03-14 10:23:17,623: 200 GET /web_server/images/arrow/uparrow.png (::1) 2.07ms
[tornado.access][INFO] 2022-03-14 10:23:18,442: 200 GET /web_server/images/arrow/downarrow.png (::1) 2.14ms
[tornado.access][INFO] 2022-03-14 10:23:19,991: 200 GET /web_server/view/agvConfig/volumeConfig.html (::1) 2.28ms
[tornado.access][INFO] 2022-03-14 10:23:20,012: 200 GET /web_server/css/bootstrap.min.css (::1) 2.11ms
[tornado.access][INFO] 2022-03-14 10:23:20,022: 200 GET /web_server/css/agvConfig/volumeconfig.css (::1) 5.65ms
[tornado.access][INFO] 2022-03-14 10:23:20,026: 200 GET /web_server/scripts/jquery-3.6.0.min.js (::1) 3.70ms
[tornado.access][INFO] 2022-03-14 10:23:20,029: 200 GET /web_server/scripts/bootstrap.min.js (::1) 1.73ms
[tornado.access][INFO] 2022-03-14 10:23:20,032: 200 GET /web_server/css/myfonts.css (::1) 2.24ms
[tornado.access][INFO] 2022-03-14 10:23:20,034: 200 GET /web_server/css/sweetalert.css (::1) 1.47ms
[tornado.access][INFO] 2022-03-14 10:23:20,037: 200 GET /web_server/css/mystyle.css (::1) 2.77ms
[tornado.access][INFO] 2022-03-14 10:23:20,040: 200 GET /web_server/scripts/eventemitter2.min.js (::1) 1.60ms
[tornado.access][INFO] 2022-03-14 10:23:20,044: 200 GET /web_server/scripts/roslib.min.js (::1) 4.02ms
[tornado.access][INFO] 2022-03-14 10:23:20,047: 200 GET /web_server/scripts/common/ConstantDef.js (::1) 1.61ms
[tornado.access][INFO] 2022-03-14 10:23:20,050: 200 GET /web_server/scripts/common.js (::1) 1.86ms
[tornado.access][INFO] 2022-03-14 10:23:20,053: 200 GET /web_server/scripts/sweetalert.js (::1) 2.36ms
[tornado.access][INFO] 2022-03-14 10:23:20,056: 200 GET /web_server/scripts/i18n/jquery.i18n.properties.js (::1) 1.74ms
[tornado.access][INFO] 2022-03-14 10:23:20,061: 200 GET /web_server/scripts/agvConfig/volumeConfig.js (::1) 4.29ms
[tornado.access][INFO] 2022-03-14 10:23:20,078: 200 GET /web_server/images/bigloading.gif (::1) 1.95ms
[tornado.access][INFO] 2022-03-14 10:23:20,090: 200 GET /web_server/view/common/header.html (::1) 1.67ms
[tornado.access][INFO] 2022-03-14 10:23:20,103: 200 GET /web_server/scripts/i18n/common.properties?_=1647224600057 (::1) 1.46ms
[tornado.access][INFO] 2022-03-14 10:23:20,110: 200 GET /web_server/scripts/i18n/common_zh.properties?_=1647224600058 (::1) 2.12ms
[tornado.access][INFO] 2022-03-14 10:23:20,127: 200 GET /web_server/fonts/icomoon.ttf?oz3764 (::1) 2.44ms
[tornado.access][INFO] 2022-03-14 10:23:20,213: 200 GET /web_server/images/logo.png (::1) 3.14ms
[tornado.access][INFO] 2022-03-14 10:23:20,232: 200 GET /web_server/view/common/taskException.html (::1) 8.74ms
[tornado.access][INFO] 2022-03-14 10:23:20,235: 200 GET /web_server/css/header/header.css (::1) 2.63ms
[tornado.access][INFO] 2022-03-14 10:23:20,238: 200 GET /web_server/images/blueloading.gif (::1) 2.43ms
[tornado.access][INFO] 2022-03-14 10:23:20,242: 200 GET /web_server/images/blue_logo.png (::1) 2.75ms
[tornado.access][INFO] 2022-03-14 10:23:20,247: 200 GET /web_server/view/common/taskWait.html (::1) 3.22ms
[tornado.access][INFO] 2022-03-14 10:23:20,326: 304 GET /getAgvConfig (::1) 72.41ms
[tornado.access][INFO] 2022-03-14 10:23:20,333: 200 GET /web_server/scripts/i18n/common.properties?_=1647224600059 (::1) 2.36ms
[tornado.access][INFO] 2022-03-14 10:23:20,341: 200 GET /web_server/scripts/i18n/common_zh.properties?_=1647224600060 (::1) 1.70ms
[tornado.access][INFO] 2022-03-14 10:23:20,389: 200 GET /web_server/scripts/common/taskException.js (::1) 2.08ms
[tornado.access][INFO] 2022-03-14 10:23:25,028: 200 GET /web_server/view/stationManage/stationManage.html (::1) 2.26ms
[tornado.access][INFO] 2022-03-14 10:23:25,053: 200 GET /web_server/css/bootstrap.min.css (::1) 1.94ms
[tornado.access][INFO] 2022-03-14 10:23:25,062: 200 GET /web_server/css/myfonts.css (::1) 3.27ms
[tornado.access][INFO] 2022-03-14 10:23:25,064: 200 GET /web_server/css/ol.css (::1) 1.51ms
[tornado.access][INFO] 2022-03-14 10:23:25,068: 200 GET /web_server/css/toastr.min.css (::1) 3.05ms
[tornado.access][INFO] 2022-03-14 10:23:25,071: 200 GET /web_server/css/sweetalert.css (::1) 2.51ms
[tornado.access][INFO] 2022-03-14 10:23:25,075: 200 GET /web_server/css/stationManage/stationManage.css (::1) 2.68ms
[tornado.access][INFO] 2022-03-14 10:23:25,078: 200 GET /web_server/css/mystyle.css (::1) 2.08ms
[tornado.access][INFO] 2022-03-14 10:23:25,086: 200 GET /web_server/scripts/jquery-3.6.0.min.js (::1) 6.94ms
[tornado.access][INFO] 2022-03-14 10:23:25,089: 200 GET /web_server/scripts/common.js (::1) 1.72ms
[tornado.access][INFO] 2022-03-14 10:23:25,091: 200 GET /web_server/scripts/bootstrap.min.js (::1) 1.89ms
[tornado.access][INFO] 2022-03-14 10:23:25,093: 200 GET /web_server/scripts/eventemitter2.min.js (::1) 1.49ms
[tornado.access][INFO] 2022-03-14 10:23:25,097: 200 GET /web_server/scripts/roslib.min.js (::1) 2.63ms
[tornado.access][INFO] 2022-03-14 10:23:25,099: 200 GET /web_server/scripts/i18n/jquery.i18n.properties.js (::1) 1.60ms
[tornado.access][INFO] 2022-03-14 10:23:25,102: 200 GET /web_server/scripts/common/ConstantDef.js (::1) 2.50ms
[tornado.access][INFO] 2022-03-14 10:23:25,107: 200 GET /web_server/scripts/gojs_2.1.40.js (::1) 3.63ms
[tornado.access][INFO] 2022-03-14 10:23:25,110: 200 GET /web_server/scripts/ol-v3.9.0.js (::1) 2.32ms
[tornado.access][INFO] 2022-03-14 10:23:25,113: 200 GET /web_server/scripts/sweetalert.js (::1) 2.30ms
[tornado.access][INFO] 2022-03-14 10:23:25,117: 200 GET /web_server/scripts/toastr.min.js (::1) 2.73ms
[tornado.access][INFO] 2022-03-14 10:23:25,162: 200 GET /web_server/scripts/stationManage/DiagramViewControl.js (::1) 2.26ms
[tornado.access][INFO] 2022-03-14 10:23:25,169: 200 GET /web_server/scripts/stationManage/stationManage.js (::1) 2.93ms
[tornado.access][INFO] 2022-03-14 10:23:25,194: 200 GET /web_server/images/map/free_agv_small_nanjing.png (::1) 16.76ms
[tornado.access][INFO] 2022-03-14 10:23:25,205: 200 GET /web_server/images/map/unempty_agv_small_nanjing.png (::1) 2.78ms
[tornado.access][INFO] 2022-03-14 10:23:25,210: 200 GET /web_server/images/map/charging_agv_small_nanjing.png (::1) 4.16ms
[tornado.access][INFO] 2022-03-14 10:23:25,215: 200 GET /web_server/images/map/alarm_agv_small_nanjing.png (::1) 2.44ms
[tornado.access][INFO] 2022-03-14 10:23:25,367: 200 GET /web_server/images/arrow/downarrow.png (::1) 2.77ms
[tornado.access][INFO] 2022-03-14 10:23:25,372: 200 GET /web_server/images/importStation.png (::1) 2.87ms
[tornado.access][INFO] 2022-03-14 10:23:25,374: 200 GET /web_server/view/common/header.html (::1) 1.80ms
[tornado.access][INFO] 2022-03-14 10:23:25,380: 200 GET /web_server/images/loadingsmall.gif (::1) 5.62ms
[tornado.access][INFO] 2022-03-14 10:23:25,393: 200 GET /web_server/fonts/icomoon.ttf?oz3764 (::1) 1.70ms
[tornado.access][INFO] 2022-03-14 10:23:25,437: 200 GET /web_server/css/header/header.css (::1) 3.34ms
[tornado.access][INFO] 2022-03-14 10:23:25,441: 200 GET /web_server/view/common/taskWait.html (::1) 2.60ms
[tornado.access][INFO] 2022-03-14 10:23:25,443: 200 GET /web_server/view/common/taskException.html (::1) 2.24ms
[tornado.access][INFO] 2022-03-14 10:23:25,447: 200 GET /web_server/images/blue_logo.png (::1) 2.93ms
[tornado.access][INFO] 2022-03-14 10:23:25,449: 200 GET /web_server/images/blueloading.gif (::1) 1.81ms
[tornado.access][INFO] 2022-03-14 10:23:25,452: 200 GET /web_server/images/logo.png (::1) 2.57ms
[tornado.access][INFO] 2022-03-14 10:23:25,454: 200 GET /web_server/scripts/i18n/common.properties?_=1647224605098 (::1) 1.78ms
[tornado.access][INFO] 2022-03-14 10:23:25,480: 200 GET /web_server/scripts/i18n/common_zh.properties?_=1647224605099 (::1) 3.05ms
[tornado.access][INFO] 2022-03-14 10:23:25,517: 200 GET /web_server/scripts/common/taskException.js (::1) 2.09ms
[tornado.access][INFO] 2022-03-14 10:23:25,544: 200 GET /web_server/scripts/i18n/common.properties?_=1647224605100 (::1) 2.36ms
[tornado.access][INFO] 2022-03-14 10:23:25,559: 200 GET /web_server/scripts/i18n/common_zh.properties?_=1647224605101 (::1) 2.39ms
[tornado.access][INFO] 2022-03-14 10:23:25,583: 304 GET /mapManage/readYamlPng (::1) 5.77ms
[tornado.access][INFO] 2022-03-14 10:23:25,697: 304 GET /getAgvConfig (::1) 93.51ms
[tornado.access][INFO] 2022-03-14 10:23:25,939: 200 GET /web_server/images/station/station_type.svg (::1) 2.25ms
[tornado.access][INFO] 2022-03-14 10:23:25,963: 200 GET /web_server/images/cursor/openhand.cur (::1) 2.17ms
[tornado.access][INFO] 2022-03-14 10:23:26,061: 200 GET /web_server/images/cursor/openhand.cur (::1) 2.05ms
[tornado.access][INFO] 2022-03-14 10:23:26,251: 200 GET /web_server/images/map/free_agv_small_nanjing.png (::1) 3.02ms
[tornado.access][INFO] 2022-03-14 10:36:05,241: 304 GET /getAgvConfig (::1) 18.48ms
[tornado.access][INFO] 2022-03-14 10:36:56,332: 304 GET /getAgvConfig (::1) 33.20ms
[tornado.access][INFO] 2022-03-14 10:38:07,686: 304 GET /getAgvConfig (::1) 10.68ms
[tornado.access][INFO] 2022-03-14 10:38:32,330: 304 GET /getAgvConfig (::1) 31.80ms
[tornado.access][INFO] 2022-03-14 11:06:21,850: 304 GET /getAgvConfig (::1) 9.31ms
[tornado.access][INFO] 2022-03-14 11:08:57,912: 304 GET /getAgvConfig (::1) 7.06ms
[tornado.access][INFO] 2022-03-14 11:17:28,636: 304 GET /getAgvConfig (::1) 18.12ms
[tornado.access][INFO] 2022-03-14 11:48:05,063: 304 GET /getAgvConfig (::1) 23.43ms
[tornado.access][INFO] 2022-03-14 11:52:51,837: 304 GET /getAgvConfig (::1) 20.74ms
[tornado.access][INFO] 2022-03-14 12:01:07,305: 304 GET /getAgvConfig (::1) 9.34ms
[tornado.access][INFO] 2022-03-14 12:02:02,662: 304 GET /getAgvConfig (::1) 11.19ms
[tornado.access][INFO] 2022-03-14 12:15:50,518: 304 GET /getAgvConfig (::1) 12.42ms
[tornado.access][INFO] 2022-03-14 12:36:07,153: 304 GET /getAgvConfig (::1) 8.29ms
[tornado.access][INFO] 2022-03-14 12:38:19,106: 304 GET /getAgvConfig (::1) 33.13ms
[tornado.access][INFO] 2022-03-14 12:38:49,990: 304 GET /getAgvConfig (::1) 15.99ms
[tornado.access][INFO] 2022-03-14 12:44:24,442: 304 GET /getAgvConfig (::1) 11.24ms
[tornado.access][INFO] 2022-03-14 13:03:35,667: 304 GET /getAgvConfig (::1) 65.35ms
[tornado.access][INFO] 2022-03-14 13:08:36,663: 304 GET /getAgvConfig (::1) 19.45ms
[tornado.access][INFO] 2022-03-14 13:20:18,196: 304 GET /getAgvConfig (::1) 23.77ms
[tornado.access][INFO] 2022-03-14 13:45:36,068: 304 GET /getAgvConfig (::1) 12.35ms
[tornado.access][INFO] 2022-03-14 13:49:09,018: 304 GET /getAgvConfig (::1) 78.57ms
[tornado.access][INFO] 2022-03-14 13:59:15,204: 304 GET /getAgvConfig (::1) 72.10ms
[tornado.access][INFO] 2022-03-14 14:01:51,235: 304 GET /getAgvConfig (::1) 41.63ms
[tornado.access][INFO] 2022-03-14 14:15:54,121: 304 GET /getAgvConfig (::1) 12.53ms
[tornado.access][INFO] 2022-03-14 14:50:18,913: 304 GET /getAgvConfig (::1) 12.99ms
[tornado.access][INFO] 2022-03-14 14:53:08,601: 200 GET /web_server/images/map/charging_agv_small_nanjing.png (::1) 1.76ms
[tornado.access][INFO] 2022-03-14 15:09:57,042: 304 GET /getAgvConfig (::1) 12.89ms
[tornado.access][INFO] 2022-03-14 15:11:21,632: 304 GET /getAgvConfig (::1) 33.22ms
[tornado.access][INFO] 2022-03-14 15:13:03,962: 304 GET /getAgvConfig (::1) 46.73ms
[tornado.access][INFO] 2022-03-14 15:14:15,618: 304 GET /getAgvConfig (::1) 22.02ms
[tornado.access][INFO] 2022-03-14 15:15:27,658: 304 GET /getAgvConfig (::1) 10.09ms
[tornado.access][INFO] 2022-03-14 15:34:44,757: 304 GET /getAgvConfig (::1) 28.09ms
[tornado.access][INFO] 2022-03-14 15:50:18,592: 200 GET /web_server/images/map/free_agv_small_nanjing.png (::1) 1.63ms
[tornado.access][INFO] 2022-03-14 15:55:53,763: 304 GET /getAgvConfig (::1) 20.54ms
[tornado.access][INFO] 2022-03-14 16:40:18,136: 304 GET /getAgvConfig (::1) 12.47ms
[tornado.access][INFO] 2022-03-14 16:55:24,644: 304 GET /getAgvConfig (::1) 21.21ms
