[rospy.client][INFO] 2022-03-14 09:13:59,019: init_node, name[/version_upgrade], pid[2536]
[xmlrpc][INFO] 2022-03-14 09:13:59,019: XML-RPC server binding to 0.0.0.0:0
[xmlrpc][INFO] 2022-03-14 09:13:59,020: Started XML-RPC server [http://robot:40949/]
[rospy.init][INFO] 2022-03-14 09:13:59,020: ROS Slave URI: [http://robot:40949/]
[rospy.impl.masterslave][INFO] 2022-03-14 09:13:59,020: _ready: http://robot:40949/
[rospy.registration][INFO] 2022-03-14 09:13:59,022: Registering with master node http://127.0.0.1:11311
[xmlrpc][INFO] 2022-03-14 09:13:59,023: xml rpc node: starting XML-RPC server
[rospy.init][INFO] 2022-03-14 09:13:59,121: registered with master
[rospy.rosout][INFO] 2022-03-14 09:13:59,121: initializing /rosout core topic
[rospy.rosout][INFO] 2022-03-14 09:13:59,147: connected to core topic /rosout
[rospy.simtime][INFO] 2022-03-14 09:13:59,173: /use_sim_time is not set, will not subscribe to simulated time [/clock] topic
[rospy.internal][INFO] 2022-03-14 09:13:59,394: topic[/rosout] adding connection to [/rosout], count 0
[rospy.internal][INFO] 2022-03-14 09:14:02,433: topic[/ztexing_node/pc_upgrade] adding connection to [/ztexing_node], count 0
[rospy.internal][INFO] 2022-03-14 09:14:05,907: topic[/download_percent] adding connection to [/rosbridge_websocket], count 0
[rospy.internal][INFO] 2022-03-14 09:14:05,910: topic[/copy_percent] adding connection to [/rosbridge_websocket], count 0
[rospy.internal][INFO] 2022-03-14 09:18:17,865: topic[/download_percent] removing connection to /rosbridge_websocket
[rospy.internal][INFO] 2022-03-14 09:18:17,865: topic[/copy_percent] removing connection to /rosbridge_websocket
[rosout][WARNING] 2022-03-14 09:18:18,804: Inbound TCP/IP connection failed: connection from sender terminated before handshake header received. 0 bytes were received. Please check sender for additional details.
[rospy.internal][ERROR] 2022-03-14 09:18:18,804: Inbound TCP/IP connection failed:
Traceback (most recent call last):
  File "/opt/ros/kinetic/lib/python2.7/dist-packages/rospy/impl/tcpros_base.py", line 321, in _tcp_server_callback
    header = read_ros_handshake_header(sock, StringIO(), buff_size)
  File "/opt/ros/kinetic/lib/python2.7/dist-packages/rosgraph/network.py", line 364, in read_ros_handshake_header
    raise ROSHandshakeException("connection from sender terminated before handshake header received. %s bytes were received. Please check sender for additional details."%b.tell())
ROSHandshakeException: connection from sender terminated before handshake header received. 0 bytes were received. Please check sender for additional details.

[rospy.internal][INFO] 2022-03-14 09:18:18,805: topic[/download_percent] adding connection to [/rosbridge_websocket], count 0
[rospy.internal][INFO] 2022-03-14 09:18:18,806: topic[/copy_percent] adding connection to [/rosbridge_websocket], count 0
[rospy.internal][INFO] 2022-03-14 09:59:37,371: topic[/download_percent] removing connection to /rosbridge_websocket
[rospy.internal][INFO] 2022-03-14 09:59:37,372: topic[/copy_percent] removing connection to /rosbridge_websocket
[rospy.internal][INFO] 2022-03-14 09:59:39,619: topic[/download_percent] adding connection to [/rosbridge_websocket], count 0
[rospy.internal][INFO] 2022-03-14 09:59:39,659: topic[/copy_percent] adding connection to [/rosbridge_websocket], count 0
[rospy.internal][INFO] 2022-03-14 10:06:25,530: topic[/download_percent] removing connection to /rosbridge_websocket
[rospy.internal][INFO] 2022-03-14 10:06:25,530: topic[/copy_percent] removing connection to /rosbridge_websocket
[rospy.internal][INFO] 2022-03-14 10:06:26,727: topic[/download_percent] adding connection to [/rosbridge_websocket], count 0
[rospy.internal][INFO] 2022-03-14 10:06:26,736: topic[/copy_percent] adding connection to [/rosbridge_websocket], count 0
[rospy.internal][INFO] 2022-03-14 13:45:28,202: topic[/download_percent] removing connection to /rosbridge_websocket
[rospy.internal][INFO] 2022-03-14 13:45:28,202: topic[/copy_percent] removing connection to /rosbridge_websocket
[rospy.internal][INFO] 2022-03-14 13:45:32,490: topic[/copy_percent] adding connection to [/rosbridge_websocket], count 0
[rospy.internal][INFO] 2022-03-14 13:45:32,502: topic[/download_percent] adding connection to [/rosbridge_websocket], count 0
[rospy.internal][INFO] 2022-03-14 14:01:49,683: topic[/download_percent] removing connection to /rosbridge_websocket
[rospy.internal][INFO] 2022-03-14 14:01:49,683: topic[/copy_percent] removing connection to /rosbridge_websocket
[rospy.internal][INFO] 2022-03-14 14:01:50,025: topic[/download_percent] adding connection to [/rosbridge_websocket], count 0
[rospy.internal][INFO] 2022-03-14 14:01:50,078: topic[/copy_percent] adding connection to [/rosbridge_websocket], count 0
[rospy.internal][INFO] 2022-03-14 16:40:17,355: topic[/download_percent] removing connection to /rosbridge_websocket
[rospy.internal][INFO] 2022-03-14 16:40:17,356: topic[/copy_percent] removing connection to /rosbridge_websocket
[rospy.internal][INFO] 2022-03-14 16:40:17,837: topic[/download_percent] adding connection to [/rosbridge_websocket], count 0
[rospy.internal][INFO] 2022-03-14 16:40:17,838: topic[/copy_percent] adding connection to [/rosbridge_websocket], count 0
[rospy.internal][INFO] 2022-03-14 16:55:22,318: topic[/download_percent] removing connection to /rosbridge_websocket
[rospy.internal][INFO] 2022-03-14 16:55:22,318: topic[/copy_percent] removing connection to /rosbridge_websocket
[rospy.internal][INFO] 2022-03-14 16:55:22,553: topic[/download_percent] adding connection to [/rosbridge_websocket], count 0
[rospy.internal][INFO] 2022-03-14 16:55:22,674: topic[/copy_percent] adding connection to [/rosbridge_websocket], count 0
